2024-06-23 | 13:6 [SQL] CREATE TABLE IF NOT EXISTS groups (id INTEGER PRIMARY KEY, message_id INTEGER, project_name STRING, creator_id INTEGER)
2024-06-23 | 13:6 [SQL] CREATE TABLE IF NOT EXISTS group_members (id INTEGER PRIMARY KEY, group_id INTEGER, user_id INTEGER)
2024-06-23 | 13:9 [SQL] CREATE TABLE IF NOT EXISTS groups (id INTEGER PRIMARY KEY, message_id INTEGER, project_name STRING, creator_id INTEGER)
2024-06-23 | 13:9 [SQL] CREATE TABLE IF NOT EXISTS group_members (id INTEGER PRIMARY KEY, group_id INTEGER, user_id INTEGER)
2024-06-23 | 13:9 [SQL] CREATE TABLE IF NOT EXISTS groups (id INTEGER PRIMARY KEY, message_id INTEGER, project_name STRING, creator_id INTEGER)
2024-06-23 | 13:9 [SQL] CREATE TABLE IF NOT EXISTS group_members (id INTEGER PRIMARY KEY, group_id INTEGER, user_id INTEGER)
2024-06-23 | 13:10 [SQL] CREATE TABLE IF NOT EXISTS groups (id INTEGER PRIMARY KEY, message_id INTEGER, project_name STRING, creator_id INTEGER)
2024-06-23 | 13:10 [SQL] CREATE TABLE IF NOT EXISTS group_members (id INTEGER PRIMARY KEY, group_id INTEGER, user_id INTEGER)
2024-06-23 | 13:10 [SQL] CREATE TABLE IF NOT EXISTS groups (id INTEGER PRIMARY KEY, message_id INTEGER, project_name STRING, creator_id INTEGER)
2024-06-23 | 13:10 [SQL] CREATE TABLE IF NOT EXISTS group_members (id INTEGER PRIMARY KEY, group_id INTEGER, user_id INTEGER)
2024-06-23 | 13:12 [SQL] CREATE TABLE IF NOT EXISTS groups (id INTEGER PRIMARY KEY, message_id INTEGER, project_name STRING, creator_id INTEGER)
2024-06-23 | 13:12 [SQL] CREATE TABLE IF NOT EXISTS group_members (id INTEGER PRIMARY KEY, group_id INTEGER, user_id INTEGER)
2024-06-23 | 13:13 [SQL] CREATE TABLE IF NOT EXISTS groups (id INTEGER PRIMARY KEY, message_id INTEGER, project_name STRING, creator_id INTEGER)
2024-06-23 | 13:13 [SQL] CREATE TABLE IF NOT EXISTS group_members (id INTEGER PRIMARY KEY, group_id INTEGER, user_id INTEGER)
2024-06-23 | 13:13 [SQL] CREATE TABLE IF NOT EXISTS groups (id INTEGER PRIMARY KEY, message_id INTEGER, project_name STRING, creator_id INTEGER)
2024-06-23 | 13:13 [SQL] CREATE TABLE IF NOT EXISTS group_members (id INTEGER PRIMARY KEY, group_id INTEGER, user_id INTEGER)
2024-06-23 | 13:14 [SQL] CREATE TABLE IF NOT EXISTS groups (id INTEGER PRIMARY KEY, message_id INTEGER, project_name STRING, creator_id INTEGER)
2024-06-23 | 13:14 [SQL] CREATE TABLE IF NOT EXISTS group_members (id INTEGER PRIMARY KEY, group_id INTEGER, user_id INTEGER)
2024-06-23 | 13:16 [SQL] CREATE TABLE IF NOT EXISTS groups (id INTEGER PRIMARY KEY, message_id INTEGER, project_name STRING, creator_id INTEGER)
2024-06-23 | 13:16 [SQL] CREATE TABLE IF NOT EXISTS group_members (id INTEGER PRIMARY KEY, group_id INTEGER, user_id INTEGER)
2024-06-23 | 13:16 [SQL] CREATE TABLE IF NOT EXISTS groups (id INTEGER PRIMARY KEY, message_id INTEGER, project_name STRING, creator_id INTEGER)
2024-06-23 | 13:16 [SQL] CREATE TABLE IF NOT EXISTS group_members (id INTEGER PRIMARY KEY, group_id INTEGER, user_id INTEGER)
2024-06-23 | 13:17 [SQL] SELECT id FROM groups WHERE project_name = 'ascii-art' AND creator_id = '291563156159856641'
2024-06-23 | 13:17 [LOG] swaon#0 created a group for ascii-art
2024-06-23 | 13:17 [SQL] INSERT INTO groups (message_id, project_name, creator_id) VALUES ('1254394806310932480', 'ascii-art', '291563156159856641')
2024-06-23 | 13:17 [SQL] SELECT id FROM groups WHERE message_id = 1254394806310932480
2024-06-23 | 13:17 [SQL] INSERT INTO group_members (group_id, user_id) VALUES ('1', '291563156159856641')
2024-06-23 | 13:17 [SQL] SELECT id FROM groups WHERE message_id = 1254394806310932480
2024-06-23 | 13:17 [SQL] SELECT user_id FROM group_members WHERE group_id = 1
2024-06-23 | 13:17 [SQL] SELECT id FROM groups WHERE message_id = 1254394806310932480
2024-06-23 | 13:17 [SQL] SELECT user_id FROM group_members WHERE group_id = 1
2024-06-23 | 13:17 [SQL] DELETE FROM group_members WHERE id = 1 AND user_id = 291563156159856641
2024-06-23 | 13:17 [SQL] SELECT user_id FROM group_members WHERE group_id = 1254394806310932480
2024-06-23 | 13:17 [SQL] SELECT id FROM groups WHERE message_id = 1254394806310932480
2024-06-23 | 13:17 [SQL] DELETE FROM groups WHERE id = 1
2024-06-23 | 13:20 [SQL] CREATE TABLE IF NOT EXISTS groups (id INTEGER PRIMARY KEY, message_id INTEGER, project_name STRING, creator_id INTEGER)
2024-06-23 | 13:20 [SQL] CREATE TABLE IF NOT EXISTS group_members (id INTEGER PRIMARY KEY, group_id INTEGER, user_id INTEGER)
2024-06-23 | 13:23 [SQL] CREATE TABLE IF NOT EXISTS groups (id INTEGER PRIMARY KEY, message_id INTEGER, project_name STRING, creator_id INTEGER)
2024-06-23 | 13:23 [SQL] CREATE TABLE IF NOT EXISTS group_members (id INTEGER PRIMARY KEY, group_id INTEGER, user_id INTEGER)
2024-06-23 | 13:24 [SQL] CREATE TABLE IF NOT EXISTS groups (id INTEGER PRIMARY KEY, message_id INTEGER, project_name STRING, creator_id INTEGER)
2024-06-23 | 13:24 [SQL] CREATE TABLE IF NOT EXISTS group_members (id INTEGER PRIMARY KEY, group_id INTEGER, user_id INTEGER)
2024-06-23 | 14:29 [SQL] CREATE TABLE IF NOT EXISTS groups (id INTEGER PRIMARY KEY, message_id INTEGER, project_name STRING, creator_id INTEGER)
2024-06-23 | 14:29 [SQL] CREATE TABLE IF NOT EXISTS group_members (id INTEGER PRIMARY KEY, group_id INTEGER, user_id INTEGER)
2024-06-23 | 14:29 [SQL] CREATE TABLE IF NOT EXISTS groups (id INTEGER PRIMARY KEY, message_id INTEGER, project_name STRING, creator_id INTEGER)
2024-06-23 | 14:29 [SQL] CREATE TABLE IF NOT EXISTS group_members (id INTEGER PRIMARY KEY, group_id INTEGER, user_id INTEGER)
2024-06-23 | 14:30 [SQL] SELECT id FROM groups WHERE project_name = 'ascii-art' AND creator_id = '291563156159856641'
2024-06-23 | 14:30 [LOG] swaon#0 created a group for ascii-art
2024-06-23 | 14:30 [SQL] INSERT INTO groups (message_id, project_name, creator_id) VALUES ('1254413214331048007', 'ascii-art', '291563156159856641')
2024-06-23 | 14:30 [SQL] SELECT id FROM groups WHERE message_id = 1254413214331048007
2024-06-23 | 14:30 [SQL] INSERT INTO group_members (group_id, user_id) VALUES ('1', '291563156159856641')
2024-06-23 | 14:30 [SQL] SELECT id FROM groups WHERE message_id = 1254413214331048007
2024-06-23 | 14:30 [SQL] SELECT user_id FROM group_members WHERE group_id = 1
2024-06-23 | 14:30 [SQL] INSERT INTO group_members (group_id, user_id) VALUES ('1', '1031330570107629650')
2024-06-23 | 14:30 [SQL] SELECT user_id FROM group_members WHERE group_id = 1254413214331048007
2024-06-23 | 14:30 [SQL] SELECT id FROM groups WHERE message_id = 1254413214331048007
2024-06-23 | 14:30 [SQL] DELETE FROM groups WHERE id = 1
