2024-06-23 | 19:45 [LOG] liamine1 created a group for ascii-art
2024-06-23 | 19:49 [LOG] liamine1 created a group for ascii-art
2024-06-23 | 19:49 [LOG] liamine1 created a group for ascii-art-web
2024-06-23 | 19:49 [LOG] 1031330570107629650 deleted group 2
2024-06-23 | 19:50 [LOG] liamine1 created a group for ascii-art
2024-06-23 | 22:26 [LOG] liamine1 created a group for ascii-art-web
2024-06-23 | 22:26 [LOG] swaon joined group 2
2024-06-23 | 22:33 [LOG] liamine1 created a group for groupie-tracker
2024-06-23 | 22:33 [LOG] 1031330570107629650 deleted group 3
2024-06-23 | 22:34 [LOG] liamine1 created a group for ascii-art
2024-06-23 | 22:38 [LOG] liamine1 created a group for ascii-art
2024-06-23 | 22:39 [LOG] liamine1 created a group for ascii-art
2024-06-23 | 22:39 [LOG] 1031330570107629650 deleted group 1
2024-06-23 | 22:40 [LOG] liamine1 created a group for ascii-art
2024-06-23 | 22:42 [LOG] liamine1 created a group for ascii-art
2024-06-23 | 22:43 [LOG] liamine1 created a group for ascii-art
2024-06-23 | 23:16 [LOG] liamine1 created a group for ascii-art
2024-06-23 | 23:18 [LOG] liamine1 created a group for ascii-art
2024-06-23 | 23:23 [LOG] liamine1 created a group for ascii-art
2024-06-23 | 23:23 [LOG] liamine1 created a group for ascii-art
2024-06-23 | 23:25 [LOG] liamine1 created a group for ascii-art
2024-06-23 | 23:25 [LOG] liamine1 created a group for ascii-art
2024-06-23 | 23:32 [LOG] liamine1 created a group for ascii-art
2024-06-23 | 23:42 [LOG] liamine1 created a group for ascii-art
2024-06-23 | 23:43 [LOG] liamine1 created a group for ascii-art
2024-06-23 | 23:44 [LOG] liamine1 created a group for ascii-art
2024-06-23 | 23:55 [LOG] liamine1 created a group for ascii-art
2024-06-23 | 23:56 [LOG] liamine1 created a group for ascii-art
2024-06-23 | 23:57 [LOG] liamine1 created a group for ascii-art
2024-06-23 | 23:57 [LOG] 1031330570107629650 deleted group 1
2024-06-23 | 23:57 [LOG] liamine1 created a group for ascii-art
2024-06-23 | 23:57 [LOG] 1031330570107629650 deleted group 1
2024-06-24 | 0:1 [LOG] liamine1 created a group for ascii-art
2024-06-24 | 0:1 [LOG] liamine1 left group 1
2024-06-24 | 0:1 [LOG] liamine1 created a group for ascii-art
2024-06-24 | 0:1 [LOG] liamine1 left group 1
