2024-06-23 | 12:48 [SQL] CREATE TABLE IF NOT EXISTS groups (id INTEGER PRIMARY KEY, message_id INTEGER, project_name STRING, creator_id INTEGER)
2024-06-23 | 12:48 [SQL] CREATE TABLE IF NOT EXISTS group_members (id INTEGER PRIMARY KEY, group_id INTEGER, user_id INTEGER)
2024-06-23 | 12:48 [SQL] SELECT id FROM groups WHERE project_name = 'ascii-art' AND creator_id = '1031330570107629650'
2024-06-23 | 12:48 [SQL] INSERT INTO groups (message_id, project_name, creator_id) VALUES ('1254387558587301910', 'ascii-art', '1031330570107629650')
2024-06-23 | 12:48 [SQL] SELECT id FROM groups WHERE message_id = 1254387558587301910
2024-06-23 | 12:48 [SQL] INSERT INTO group_members (group_id, user_id) VALUES ('1', '1031330570107629650')
2024-06-23 | 12:48 [SQL] SELECT id, message_id, project_name, creator_id FROM groups WHERE message_id = 1254387558587301910
2024-06-23 | 12:48 [SQL] SELECT user_id FROM group_members WHERE group_id = 1
2024-06-23 | 12:48 [SQL] INSERT INTO group_members (group_id, user_id) VALUES ('1', '291563156159856641')
2024-06-23 | 12:48 [SQL] SELECT user_id FROM group_members WHERE group_id = 1254387558587301910
2024-06-23 | 12:48 [SQL] SELECT id FROM groups WHERE message_id = 1254387558587301910
2024-06-23 | 12:48 [SQL] DELETE FROM groups WHERE id = 1
2024-06-23 | 12:54 [SQL] CREATE TABLE IF NOT EXISTS groups (id INTEGER PRIMARY KEY, message_id INTEGER, project_name STRING, creator_id INTEGER)
2024-06-23 | 12:54 [SQL] CREATE TABLE IF NOT EXISTS group_members (id INTEGER PRIMARY KEY, group_id INTEGER, user_id INTEGER)
2024-06-23 | 12:54 [SQL] SELECT id FROM groups WHERE project_name = 'ascii-art' AND creator_id = '1031330570107629650'
2024-06-23 | 12:54 [SQL] INSERT INTO groups (message_id, project_name, creator_id) VALUES ('1254389097938685963', 'ascii-art', '1031330570107629650')
2024-06-23 | 12:54 [SQL] SELECT id FROM groups WHERE message_id = 1254389097938685963
2024-06-23 | 12:54 [SQL] INSERT INTO group_members (group_id, user_id) VALUES ('1', '1031330570107629650')
2024-06-23 | 12:54 [SQL] SELECT id, message_id, project_name, creator_id FROM groups WHERE message_id = 1254389097938685963
2024-06-23 | 12:54 [SQL] SELECT user_id FROM group_members WHERE group_id = 1
2024-06-23 | 12:54 [SQL] INSERT INTO group_members (group_id, user_id) VALUES ('1', '291563156159856641')
2024-06-23 | 12:54 [SQL] SELECT user_id FROM group_members WHERE group_id = 1
2024-06-23 | 12:54 [SQL] SELECT id, message_id, project_name, creator_id FROM groups WHERE message_id = 1254389097938685963
2024-06-23 | 12:54 [SQL] SELECT user_id FROM group_members WHERE group_id = 1
2024-06-23 | 12:54 [SQL] DELETE FROM group_members WHERE id = 1 AND user_id = 291563156159856641
2024-06-23 | 12:54 [SQL] SELECT user_id FROM group_members WHERE group_id = 1
2024-06-23 | 12:55 [SQL] SELECT id, message_id, project_name, creator_id FROM groups WHERE message_id = 1254389097938685963
2024-06-23 | 12:55 [SQL] SELECT id, message_id, project_name, creator_id FROM groups WHERE message_id = 1254389097938685963
2024-06-23 | 12:55 [SQL] SELECT user_id FROM group_members WHERE group_id = 1
2024-06-23 | 12:58 [SQL] CREATE TABLE IF NOT EXISTS groups (id INTEGER PRIMARY KEY, message_id INTEGER, project_name STRING, creator_id INTEGER)
2024-06-23 | 12:58 [SQL] CREATE TABLE IF NOT EXISTS group_members (id INTEGER PRIMARY KEY, group_id INTEGER, user_id INTEGER)
2024-06-23 | 12:58 [SQL] SELECT id FROM groups WHERE project_name = 'ascii-art' AND creator_id = '1031330570107629650'
2024-06-23 | 12:58 [SQL] INSERT INTO groups (message_id, project_name, creator_id) VALUES ('1254390160473460809', 'ascii-art', '1031330570107629650')
2024-06-23 | 12:58 [SQL] SELECT id FROM groups WHERE message_id = 1254390160473460809
2024-06-23 | 12:58 [SQL] INSERT INTO group_members (group_id, user_id) VALUES ('1', '1031330570107629650')
2024-06-23 | 12:58 [SQL] SELECT id, message_id, project_name, creator_id FROM groups WHERE message_id = 1254390160473460809
2024-06-23 | 12:58 [SQL] SELECT user_id FROM group_members WHERE group_id = 1
2024-06-23 | 12:58 [SQL] INSERT INTO group_members (group_id, user_id) VALUES ('1', '291563156159856641')
2024-06-23 | 12:58 [SQL] SELECT user_id FROM group_members WHERE group_id = 1
2024-06-23 | 12:58 [SQL] SELECT id, message_id, project_name, creator_id FROM groups WHERE message_id = 1254390160473460809
2024-06-23 | 12:58 [SQL] SELECT user_id FROM group_members WHERE group_id = 1
2024-06-23 | 12:58 [SQL] DELETE FROM group_members WHERE id = 1 AND user_id = 291563156159856641
2024-06-23 | 12:58 [SQL] SELECT user_id FROM group_members WHERE group_id = 1
2024-06-23 | 12:59 [SQL] CREATE TABLE IF NOT EXISTS groups (id INTEGER PRIMARY KEY, message_id INTEGER, project_name STRING, creator_id INTEGER)
2024-06-23 | 12:59 [SQL] CREATE TABLE IF NOT EXISTS group_members (id INTEGER PRIMARY KEY, group_id INTEGER, user_id INTEGER)
2024-06-23 | 12:59 [SQL] SELECT id FROM groups WHERE project_name = 'ascii-art' AND creator_id = '1031330570107629650'
2024-06-23 | 12:59 [SQL] INSERT INTO groups (message_id, project_name, creator_id) VALUES ('1254390409682096282', 'ascii-art', '1031330570107629650')
2024-06-23 | 12:59 [SQL] SELECT id FROM groups WHERE message_id = 1254390409682096282
2024-06-23 | 12:59 [SQL] INSERT INTO group_members (group_id, user_id) VALUES ('1', '1031330570107629650')
2024-06-23 | 12:59 [SQL] SELECT id, message_id, project_name, creator_id FROM groups WHERE message_id = 1254390409682096282
2024-06-23 | 12:59 [SQL] SELECT user_id FROM group_members WHERE group_id = 1
2024-06-23 | 12:59 [SQL] INSERT INTO group_members (group_id, user_id) VALUES ('1', '291563156159856641')
2024-06-23 | 12:59 [SQL] SELECT user_id FROM group_members WHERE group_id = 1
2024-06-23 | 12:59 [SQL] SELECT id, message_id, project_name, creator_id FROM groups WHERE message_id = 1254390409682096282
2024-06-23 | 12:59 [SQL] SELECT user_id FROM group_members WHERE group_id = 1
2024-06-23 | 12:59 [SQL] DELETE FROM group_members WHERE group_id = 1 AND user_id = 291563156159856641
2024-06-23 | 12:59 [SQL] SELECT user_id FROM group_members WHERE group_id = 1
2024-06-23 | 12:59 [SQL] SELECT id, message_id, project_name, creator_id FROM groups WHERE message_id = 1254390409682096282
2024-06-23 | 12:59 [SQL] SELECT user_id FROM group_members WHERE group_id = 1
2024-06-23 | 12:59 [SQL] SELECT id, message_id, project_name, creator_id FROM groups WHERE message_id = 1254390409682096282
2024-06-23 | 13:0 [SQL] SELECT id, message_id, project_name, creator_id FROM groups WHERE message_id = 1254390409682096282
2024-06-23 | 13:0 [SQL] SELECT user_id FROM group_members WHERE group_id = 1
2024-06-23 | 13:0 [SQL] INSERT INTO group_members (group_id, user_id) VALUES ('1', '291563156159856641')
2024-06-23 | 13:0 [SQL] SELECT user_id FROM group_members WHERE group_id = 1
2024-06-23 | 13:0 [SQL] SELECT id, message_id, project_name, creator_id FROM groups WHERE message_id = 1254390409682096282
2024-06-23 | 13:0 [SQL] SELECT user_id FROM group_members WHERE group_id = 1
2024-06-23 | 13:0 [SQL] DELETE FROM group_members WHERE group_id = 1 AND user_id = 291563156159856641
2024-06-23 | 13:0 [SQL] SELECT user_id FROM group_members WHERE group_id = 1
2024-06-23 | 13:0 [SQL] SELECT id, message_id, project_name, creator_id FROM groups WHERE message_id = 1254390409682096282
2024-06-23 | 13:0 [SQL] SELECT user_id FROM group_members WHERE group_id = 1
2024-06-23 | 13:52 [SQL] CREATE TABLE IF NOT EXISTS groups (id INTEGER PRIMARY KEY, message_id INTEGER, project_name STRING, creator_id INTEGER)
2024-06-23 | 13:52 [SQL] CREATE TABLE IF NOT EXISTS group_members (id INTEGER PRIMARY KEY, group_id INTEGER, user_id INTEGER)
2024-06-23 | 13:52 [SQL] SELECT id FROM groups WHERE project_name = 'ascii-art' AND creator_id = '1031330570107629650'
2024-06-23 | 13:52 [SQL] INSERT INTO groups (message_id, project_name, creator_id) VALUES ('1254403701099987006', 'ascii-art', '1031330570107629650')
2024-06-23 | 13:52 [SQL] SELECT id FROM groups WHERE message_id = 1254403701099987006
2024-06-23 | 13:52 [SQL] INSERT INTO group_members (group_id, user_id) VALUES ('1', '1031330570107629650')
2024-06-23 | 13:54 [SQL] CREATE TABLE IF NOT EXISTS groups (id INTEGER PRIMARY KEY, message_id INTEGER, project_name STRING, creator_id INTEGER)
2024-06-23 | 13:54 [SQL] CREATE TABLE IF NOT EXISTS group_members (id INTEGER PRIMARY KEY, group_id INTEGER, user_id INTEGER)
2024-06-23 | 13:54 [SQL] SELECT id FROM groups WHERE project_name = 'ascii-art' AND creator_id = '1031330570107629650'
2024-06-23 | 13:54 [SQL] SELECT id FROM groups WHERE project_name = 'ascii-art-web' AND creator_id = '1031330570107629650'
2024-06-23 | 13:54 [SQL] INSERT INTO groups (message_id, project_name, creator_id) VALUES ('1254404170283487235', 'ascii-art-web', '1031330570107629650')
2024-06-23 | 13:54 [SQL] SELECT id FROM groups WHERE message_id = 1254404170283487235
2024-06-23 | 13:54 [SQL] INSERT INTO group_members (group_id, user_id) VALUES ('2', '1031330570107629650')
2024-06-23 | 13:59 [SQL] CREATE TABLE IF NOT EXISTS groups (id INTEGER PRIMARY KEY, message_id INTEGER, project_name STRING, creator_id INTEGER, is_locked BOOL)
2024-06-23 | 13:59 [SQL] CREATE TABLE IF NOT EXISTS group_members (id INTEGER PRIMARY KEY, group_id INTEGER, user_id INTEGER)
2024-06-23 | 13:59 [SQL] SELECT id FROM groups WHERE project_name = 'ascii-art' AND creator_id = '1031330570107629650'
2024-06-23 | 13:59 [SQL] INSERT INTO groups (message_id, project_name, creator_id) VALUES ('1254405396353777737', 'ascii-art', '1031330570107629650')
2024-06-23 | 13:59 [SQL] SELECT id FROM groups WHERE message_id = 1254405396353777737
2024-06-23 | 13:59 [SQL] INSERT INTO group_members (group_id, user_id) VALUES ('1', '1031330570107629650')
2024-06-23 | 13:59 [SQL] SELECT id, message_id, project_name, creator_id, is_locked FROM groups WHERE message_id = 1254405396353777737
2024-06-23 | 13:59 [SQL] SELECT user_id FROM group_members WHERE group_id = 1
2024-06-23 | 13:59 [SQL] CREATE TABLE IF NOT EXISTS groups (id INTEGER PRIMARY KEY, message_id INTEGER, project_name STRING, creator_id INTEGER, is_locked BOOL)
2024-06-23 | 13:59 [SQL] CREATE TABLE IF NOT EXISTS group_members (id INTEGER PRIMARY KEY, group_id INTEGER, user_id INTEGER)
2024-06-23 | 13:59 [SQL] SELECT id FROM groups WHERE project_name = 'ascii-art' AND creator_id = '1031330570107629650'
2024-06-23 | 13:59 [SQL] INSERT INTO groups (message_id, project_name, creator_id) VALUES ('1254405481540223046', 'ascii-art', '1031330570107629650')
2024-06-23 | 13:59 [SQL] SELECT id FROM groups WHERE message_id = 1254405481540223046
2024-06-23 | 13:59 [SQL] INSERT INTO group_members (group_id, user_id) VALUES ('1', '1031330570107629650')
2024-06-23 | 13:59 [SQL] SELECT id, message_id, project_name, creator_id, is_locked FROM groups WHERE message_id = 1254405481540223046
2024-06-23 | 13:59 [SQL] SELECT user_id FROM group_members WHERE group_id = 1
2024-06-23 | 14:0 [SQL] CREATE TABLE IF NOT EXISTS groups (id INTEGER PRIMARY KEY, message_id INTEGER, project_name STRING, creator_id INTEGER, is_locked BOOL)
2024-06-23 | 14:0 [SQL] CREATE TABLE IF NOT EXISTS group_members (id INTEGER PRIMARY KEY, group_id INTEGER, user_id INTEGER)
2024-06-23 | 14:0 [SQL] SELECT id FROM groups WHERE project_name = 'ascii-art' AND creator_id = '1031330570107629650'
2024-06-23 | 14:0 [SQL] INSERT INTO groups (message_id, project_name, creator_id, is_locked) VALUES ('1254405685010104462', 'ascii-art', '1031330570107629650', 'False')
2024-06-23 | 14:0 [SQL] SELECT id FROM groups WHERE message_id = 1254405685010104462
2024-06-23 | 14:0 [SQL] INSERT INTO group_members (group_id, user_id) VALUES ('1', '1031330570107629650')
2024-06-23 | 14:0 [SQL] SELECT id, message_id, project_name, creator_id, is_locked FROM groups WHERE message_id = 1254405685010104462
2024-06-23 | 14:0 [SQL] SELECT user_id FROM group_members WHERE group_id = 1
2024-06-23 | 14:12 [SQL] CREATE TABLE IF NOT EXISTS groups (id INTEGER PRIMARY KEY, message_id INTEGER, project_name STRING, creator_id INTEGER, is_locked BOOL)
2024-06-23 | 14:12 [SQL] CREATE TABLE IF NOT EXISTS group_members (id INTEGER PRIMARY KEY, group_id INTEGER, user_id INTEGER)
2024-06-23 | 14:12 [SQL] SELECT id FROM groups WHERE project_name = 'ascii-art' AND creator_id = '1031330570107629650'
2024-06-23 | 14:12 [SQL] INSERT INTO groups (message_id, project_name, creator_id, is_locked) VALUES ('1254408763604078612', 'ascii-art', '1031330570107629650', 'False')
2024-06-23 | 14:12 [SQL] SELECT id FROM groups WHERE message_id = 1254408763604078612
2024-06-23 | 14:12 [SQL] INSERT INTO group_members (group_id, user_id) VALUES ('1', '1031330570107629650')
2024-06-23 | 14:12 [SQL] SELECT id, message_id, project_name, creator_id, is_locked FROM groups WHERE message_id = 1254408763604078612
2024-06-23 | 14:12 [SQL] SELECT user_id FROM group_members WHERE group_id = 1
2024-06-23 | 14:12 [SQL] CREATE TABLE IF NOT EXISTS groups (id INTEGER PRIMARY KEY, message_id INTEGER, project_name STRING, creator_id INTEGER, is_locked BOOL)
2024-06-23 | 14:12 [SQL] CREATE TABLE IF NOT EXISTS group_members (id INTEGER PRIMARY KEY, group_id INTEGER, user_id INTEGER)
2024-06-23 | 14:12 [SQL] SELECT id FROM groups WHERE project_name = 'ascii-art' AND creator_id = '1031330570107629650'
2024-06-23 | 14:12 [SQL] INSERT INTO groups (message_id, project_name, creator_id, is_locked) VALUES ('1254408838124146698', 'ascii-art', '1031330570107629650', 'False')
2024-06-23 | 14:12 [SQL] SELECT id FROM groups WHERE message_id = 1254408838124146698
2024-06-23 | 14:12 [SQL] INSERT INTO group_members (group_id, user_id) VALUES ('1', '1031330570107629650')
2024-06-23 | 14:12 [SQL] SELECT id, message_id, project_name, creator_id, is_locked FROM groups WHERE message_id = 1254408838124146698
2024-06-23 | 14:12 [SQL] SELECT user_id FROM group_members WHERE group_id = 1
2024-06-23 | 14:16 [SQL] CREATE TABLE IF NOT EXISTS groups (id INTEGER PRIMARY KEY, message_id INTEGER, project_name STRING, creator_id INTEGER, is_locked BOOL)
2024-06-23 | 14:16 [SQL] CREATE TABLE IF NOT EXISTS group_members (id INTEGER PRIMARY KEY, group_id INTEGER, user_id INTEGER)
2024-06-23 | 14:16 [SQL] SELECT id FROM groups WHERE project_name = 'ascii-art' AND creator_id = '1031330570107629650'
2024-06-23 | 14:16 [SQL] INSERT INTO groups (message_id, project_name, creator_id, is_locked) VALUES ('1254409707351965769', 'ascii-art', '1031330570107629650', 'False')
2024-06-23 | 14:16 [SQL] SELECT id FROM groups WHERE message_id = 1254409707351965769
2024-06-23 | 14:16 [SQL] INSERT INTO group_members (group_id, user_id) VALUES ('1', '1031330570107629650')
2024-06-23 | 14:16 [SQL] SELECT id, message_id, project_name, creator_id, is_locked FROM groups WHERE message_id = 1254409707351965769
2024-06-23 | 14:16 [SQL] SELECT user_id FROM group_members WHERE group_id = 1
2024-06-23 | 14:18 [SQL] CREATE TABLE IF NOT EXISTS groups (id INTEGER PRIMARY KEY, message_id INTEGER, project_name STRING, creator_id INTEGER, is_locked BOOL)
2024-06-23 | 14:18 [SQL] CREATE TABLE IF NOT EXISTS group_members (id INTEGER PRIMARY KEY, group_id INTEGER, user_id INTEGER)
2024-06-23 | 14:19 [SQL] SELECT id FROM groups WHERE project_name = 'ascii-art' AND creator_id = '1031330570107629650'
2024-06-23 | 14:19 [SQL] INSERT INTO groups (message_id, project_name, creator_id, is_locked) VALUES ('1254410376158646314', 'ascii-art', '1031330570107629650', 'False')
2024-06-23 | 14:19 [SQL] SELECT id FROM groups WHERE message_id = 1254410376158646314
2024-06-23 | 14:19 [SQL] INSERT INTO group_members (group_id, user_id) VALUES ('1', '1031330570107629650')
2024-06-23 | 14:19 [SQL] SELECT id, message_id, project_name, creator_id, is_locked FROM groups WHERE message_id = 1254410376158646314
2024-06-23 | 14:19 [SQL] SELECT user_id FROM group_members WHERE group_id = 1
2024-06-23 | 14:31 [SQL] CREATE TABLE IF NOT EXISTS groups (id INTEGER PRIMARY KEY, message_id INTEGER, project_name STRING, creator_id INTEGER, is_locked BOOL)
2024-06-23 | 14:31 [SQL] CREATE TABLE IF NOT EXISTS group_members (id INTEGER PRIMARY KEY, group_id INTEGER, user_id INTEGER)
2024-06-23 | 14:31 [SQL] SELECT id FROM groups WHERE project_name = 'ascii-art' AND creator_id = '1031330570107629650'
2024-06-23 | 14:31 [SQL] INSERT INTO groups (message_id, project_name, creator_id, is_locked) VALUES ('1254413604816424984', 'ascii-art', '1031330570107629650', 'False')
2024-06-23 | 14:31 [SQL] SELECT id FROM groups WHERE message_id = 1254413604816424984
2024-06-23 | 14:31 [SQL] INSERT INTO group_members (group_id, user_id) VALUES ('1', '1031330570107629650')
2024-06-23 | 14:31 [SQL] SELECT id, message_id, project_name, creator_id, is_locked FROM groups WHERE message_id = 1254413604816424984
2024-06-23 | 14:31 [SQL] SELECT user_id FROM group_members WHERE group_id = 1
2024-06-23 | 14:31 [SQL] INSERT INTO group_members (group_id, user_id) VALUES ('1', '291563156159856641')
2024-06-23 | 14:31 [SQL] SELECT user_id FROM group_members WHERE group_id = 1
2024-06-23 | 14:32 [SQL] SELECT id, message_id, project_name, creator_id, is_locked FROM groups WHERE message_id = 1254413604816424984
2024-06-23 | 14:32 [SQL] SELECT user_id FROM group_members WHERE group_id = 1
2024-06-23 | 14:32 [SQL] DELETE FROM group_members WHERE group_id = 1 AND user_id = 291563156159856641
2024-06-23 | 14:32 [SQL] SELECT user_id FROM group_members WHERE group_id = 1
2024-06-23 | 14:32 [SQL] SELECT id, message_id, project_name, creator_id, is_locked FROM groups WHERE message_id = 1254413604816424984
2024-06-23 | 14:32 [SQL] SELECT user_id FROM group_members WHERE group_id = 1
2024-06-23 | 14:32 [SQL] SELECT id, message_id, project_name, creator_id, is_locked FROM groups WHERE message_id = 1254413604816424984
2024-06-23 | 14:32 [SQL] SELECT user_id FROM group_members WHERE group_id = 1
2024-06-23 | 14:33 [SQL] CREATE TABLE IF NOT EXISTS groups (id INTEGER PRIMARY KEY, message_id INTEGER, project_name STRING, creator_id INTEGER, is_locked BOOL)
2024-06-23 | 14:33 [SQL] CREATE TABLE IF NOT EXISTS group_members (id INTEGER PRIMARY KEY, group_id INTEGER, user_id INTEGER)
2024-06-23 | 14:33 [SQL] SELECT id FROM groups WHERE project_name = 'ascii-art' AND creator_id = '1031330570107629650'
2024-06-23 | 14:33 [SQL] INSERT INTO groups (message_id, project_name, creator_id, is_locked) VALUES ('1254413947990442016', 'ascii-art', '1031330570107629650', 'False')
2024-06-23 | 14:33 [SQL] SELECT id FROM groups WHERE message_id = 1254413947990442016
2024-06-23 | 14:33 [SQL] INSERT INTO group_members (group_id, user_id) VALUES ('1', '1031330570107629650')
2024-06-23 | 14:33 [SQL] SELECT id, message_id, project_name, creator_id, is_locked FROM groups WHERE message_id = 1254413947990442016
2024-06-23 | 14:33 [SQL] SELECT user_id FROM group_members WHERE group_id = 1
2024-06-23 | 14:33 [SQL] CREATE TABLE IF NOT EXISTS groups (id INTEGER PRIMARY KEY, message_id INTEGER, project_name STRING, creator_id INTEGER, is_locked BOOL)
2024-06-23 | 14:33 [SQL] CREATE TABLE IF NOT EXISTS group_members (id INTEGER PRIMARY KEY, group_id INTEGER, user_id INTEGER)
2024-06-23 | 14:33 [SQL] SELECT id FROM groups WHERE project_name = 'ascii-art' AND creator_id = '1031330570107629650'
2024-06-23 | 14:33 [SQL] INSERT INTO groups (message_id, project_name, creator_id, is_locked) VALUES ('1254414113845805067', 'ascii-art', '1031330570107629650', 'False')
2024-06-23 | 14:33 [SQL] SELECT id FROM groups WHERE message_id = 1254414113845805067
2024-06-23 | 14:33 [SQL] INSERT INTO group_members (group_id, user_id) VALUES ('1', '1031330570107629650')
2024-06-23 | 14:33 [SQL] SELECT id, message_id, project_name, creator_id, is_locked FROM groups WHERE message_id = 1254414113845805067
2024-06-23 | 14:33 [SQL] SELECT user_id FROM group_members WHERE group_id = 1
2024-06-23 | 14:35 [SQL] CREATE TABLE IF NOT EXISTS groups (id INTEGER PRIMARY KEY, message_id INTEGER, project_name STRING, creator_id INTEGER, is_locked BOOL)
2024-06-23 | 14:35 [SQL] CREATE TABLE IF NOT EXISTS group_members (id INTEGER PRIMARY KEY, group_id INTEGER, user_id INTEGER)
2024-06-23 | 14:35 [SQL] SELECT id FROM groups WHERE project_name = 'ascii-art' AND creator_id = '1031330570107629650'
2024-06-23 | 14:35 [SQL] INSERT INTO groups (message_id, project_name, creator_id, is_locked) VALUES ('1254414514149920829', 'ascii-art', '1031330570107629650', 'False')
2024-06-23 | 14:35 [SQL] SELECT id FROM groups WHERE message_id = 1254414514149920829
2024-06-23 | 14:35 [SQL] INSERT INTO group_members (group_id, user_id) VALUES ('1', '1031330570107629650')
2024-06-23 | 14:35 [SQL] SELECT id, message_id, project_name, creator_id, is_locked FROM groups WHERE message_id = 1254414514149920829
2024-06-23 | 14:35 [SQL] SELECT user_id FROM group_members WHERE group_id = 1
2024-06-23 | 14:37 [SQL] CREATE TABLE IF NOT EXISTS groups (id INTEGER PRIMARY KEY, message_id INTEGER, project_name STRING, creator_id INTEGER, is_locked BOOL)
2024-06-23 | 14:37 [SQL] CREATE TABLE IF NOT EXISTS group_members (id INTEGER PRIMARY KEY, group_id INTEGER, user_id INTEGER)
2024-06-23 | 14:37 [SQL] SELECT id FROM groups WHERE project_name = 'ascii-art' AND creator_id = '1031330570107629650'
2024-06-23 | 14:37 [SQL] INSERT INTO groups (message_id, project_name, creator_id, is_locked) VALUES ('1254414978061045811', 'ascii-art', '1031330570107629650', 'False')
2024-06-23 | 14:37 [SQL] SELECT id FROM groups WHERE message_id = 1254414978061045811
2024-06-23 | 14:37 [SQL] INSERT INTO group_members (group_id, user_id) VALUES ('1', '1031330570107629650')
2024-06-23 | 14:37 [SQL] SELECT id, message_id, project_name, creator_id, is_locked FROM groups WHERE message_id = 1254414978061045811
2024-06-23 | 14:37 [SQL] SELECT user_id FROM group_members WHERE group_id = 1
2024-06-23 | 14:39 [SQL] CREATE TABLE IF NOT EXISTS groups (id INTEGER PRIMARY KEY, message_id INTEGER, project_name STRING, creator_id INTEGER, is_locked BOOL)
2024-06-23 | 14:39 [SQL] CREATE TABLE IF NOT EXISTS group_members (id INTEGER PRIMARY KEY, group_id INTEGER, user_id INTEGER)
2024-06-23 | 14:39 [SQL] SELECT id FROM groups WHERE project_name = 'ascii-art' AND creator_id = '1031330570107629650'
2024-06-23 | 14:39 [SQL] INSERT INTO groups (message_id, project_name, creator_id, is_locked) VALUES ('1254415477032091694', 'ascii-art', '1031330570107629650', 'False')
2024-06-23 | 14:39 [SQL] SELECT id FROM groups WHERE message_id = 1254415477032091694
2024-06-23 | 14:39 [SQL] INSERT INTO group_members (group_id, user_id) VALUES ('1', '1031330570107629650')
2024-06-23 | 14:40 [SQL] SELECT id, message_id, project_name, creator_id, is_locked FROM groups WHERE message_id = 1254415477032091694
2024-06-23 | 14:40 [SQL] SELECT user_id FROM group_members WHERE group_id = 1
2024-06-23 | 14:40 [SQL] UPDATE groups SET is_locked = True WHERE message_id = 1254415477032091694
2024-06-23 | 14:59 [SQL] CREATE TABLE IF NOT EXISTS groups (id INTEGER PRIMARY KEY, message_id INTEGER, project_name STRING, creator_id INTEGER, is_locked BOOL)
2024-06-23 | 14:59 [SQL] CREATE TABLE IF NOT EXISTS group_members (id INTEGER PRIMARY KEY, group_id INTEGER, user_id INTEGER)
2024-06-23 | 14:59 [SQL] SELECT id FROM groups WHERE project_name = 'ascii-art' AND creator_id = '1031330570107629650'
2024-06-23 | 14:59 [SQL] INSERT INTO groups (message_id, project_name, creator_id, is_locked) VALUES ('1254420529616523314', 'ascii-art', '1031330570107629650', 'False')
2024-06-23 | 14:59 [SQL] SELECT id FROM groups WHERE message_id = 1254420529616523314
2024-06-23 | 14:59 [SQL] INSERT INTO group_members (group_id, user_id) VALUES ('1', '1031330570107629650')
2024-06-23 | 14:59 [SQL] SELECT id, message_id, project_name, creator_id, is_locked FROM groups WHERE message_id = 1254420529616523314
2024-06-23 | 14:59 [SQL] SELECT user_id FROM group_members WHERE group_id = 1
2024-06-23 | 14:59 [SQL] SELECT id, message_id, project_name, creator_id, is_locked FROM groups WHERE message_id = 1254420529616523314
2024-06-23 | 14:59 [SQL] SELECT user_id FROM group_members WHERE group_id = 1
2024-06-23 | 14:59 [SQL] INSERT INTO group_members (group_id, user_id) VALUES ('1', '291563156159856641')
2024-06-23 | 14:59 [SQL] SELECT user_id FROM group_members WHERE group_id = 1
2024-06-23 | 14:59 [SQL] SELECT id, message_id, project_name, creator_id, is_locked FROM groups WHERE message_id = 1254420529616523314
2024-06-23 | 14:59 [SQL] SELECT user_id FROM group_members WHERE group_id = 1
2024-06-23 | 14:59 [SQL] DELETE FROM group_members WHERE group_id = 1 AND user_id = 291563156159856641
2024-06-23 | 14:59 [SQL] SELECT user_id FROM group_members WHERE group_id = 1
2024-06-23 | 14:59 [SQL] SELECT id, message_id, project_name, creator_id, is_locked FROM groups WHERE message_id = 1254420529616523314
2024-06-23 | 14:59 [SQL] SELECT user_id FROM group_members WHERE group_id = 1
2024-06-23 | 15:3 [SQL] CREATE TABLE IF NOT EXISTS groups (id INTEGER PRIMARY KEY, message_id INTEGER, project_name STRING, creator_id INTEGER, is_locked INTEGER)
2024-06-23 | 15:3 [SQL] CREATE TABLE IF NOT EXISTS group_members (id INTEGER PRIMARY KEY, group_id INTEGER, user_id INTEGER)
2024-06-23 | 15:3 [SQL] SELECT id FROM groups WHERE project_name = 'ascii-art' AND creator_id = '1031330570107629650'
2024-06-23 | 15:3 [SQL] INSERT INTO groups (message_id, project_name, creator_id, is_locked) VALUES ('1254421544197820496', 'ascii-art', '1031330570107629650', 'False')
2024-06-23 | 15:3 [SQL] SELECT id FROM groups WHERE message_id = 1254421544197820496
2024-06-23 | 15:3 [SQL] INSERT INTO group_members (group_id, user_id) VALUES ('1', '1031330570107629650')
2024-06-23 | 15:4 [SQL] CREATE TABLE IF NOT EXISTS groups (id INTEGER PRIMARY KEY, message_id INTEGER, project_name STRING, creator_id INTEGER, is_locked INTEGER)
2024-06-23 | 15:4 [SQL] CREATE TABLE IF NOT EXISTS group_members (id INTEGER PRIMARY KEY, group_id INTEGER, user_id INTEGER)
2024-06-23 | 15:4 [SQL] SELECT id FROM groups WHERE project_name = 'ascii-art' AND creator_id = '1031330570107629650'
2024-06-23 | 15:4 [SQL] INSERT INTO groups (message_id, project_name, creator_id, is_locked) VALUES ('1254421898775760946', 'ascii-art', '1031330570107629650', 'False')
2024-06-23 | 15:4 [SQL] SELECT id FROM groups WHERE message_id = 1254421898775760946
2024-06-23 | 15:4 [SQL] INSERT INTO group_members (group_id, user_id) VALUES ('1', '1031330570107629650')
2024-06-23 | 15:4 [SQL] SELECT id, message_id, project_name, creator_id, is_locked FROM groups WHERE message_id = 1254421898775760946
2024-06-23 | 15:4 [SQL] SELECT user_id FROM group_members WHERE group_id = 1
2024-06-23 | 15:4 [SQL] SELECT id, message_id, project_name, creator_id, is_locked FROM groups WHERE message_id = 1254421898775760946
2024-06-23 | 15:4 [SQL] SELECT user_id FROM group_members WHERE group_id = 1
2024-06-23 | 15:4 [SQL] INSERT INTO group_members (group_id, user_id) VALUES ('1', '291563156159856641')
2024-06-23 | 15:4 [SQL] SELECT user_id FROM group_members WHERE group_id = 1
2024-06-23 | 15:4 [SQL] SELECT id, message_id, project_name, creator_id, is_locked FROM groups WHERE message_id = 1254421898775760946
2024-06-23 | 15:4 [SQL] SELECT id, message_id, project_name, creator_id, is_locked FROM groups WHERE message_id = 1254421898775760946
2024-06-23 | 15:4 [SQL] SELECT user_id FROM group_members WHERE group_id = 1
2024-06-23 | 15:4 [SQL] UPDATE groups SET is_locked = 1 WHERE message_id = 1254421898775760946
2024-06-23 | 15:4 [SQL] SELECT user_id FROM group_members WHERE group_id = 1
2024-06-23 | 15:4 [SQL] SELECT id, message_id, project_name, creator_id, is_locked FROM groups WHERE message_id = 1254421898775760946
2024-06-23 | 15:6 [SQL] CREATE TABLE IF NOT EXISTS groups (id INTEGER PRIMARY KEY, message_id INTEGER, project_name STRING, creator_id INTEGER, is_locked INTEGER)
2024-06-23 | 15:6 [SQL] CREATE TABLE IF NOT EXISTS group_members (id INTEGER PRIMARY KEY, group_id INTEGER, user_id INTEGER)
2024-06-23 | 15:7 [SQL] CREATE TABLE IF NOT EXISTS groups (id INTEGER PRIMARY KEY, message_id INTEGER, project_name STRING, creator_id INTEGER, is_locked INTEGER)
2024-06-23 | 15:7 [SQL] CREATE TABLE IF NOT EXISTS group_members (id INTEGER PRIMARY KEY, group_id INTEGER, user_id INTEGER)
2024-06-23 | 15:7 [SQL] SELECT id FROM groups WHERE project_name = 'ascii-art' AND creator_id = '1031330570107629650'
2024-06-23 | 15:7 [SQL] INSERT INTO groups (message_id, project_name, creator_id, is_locked) VALUES ('1254422680506073131', 'ascii-art', '1031330570107629650', 'False')
2024-06-23 | 15:7 [SQL] SELECT id FROM groups WHERE message_id = 1254422680506073131
2024-06-23 | 15:7 [SQL] INSERT INTO group_members (group_id, user_id) VALUES ('1', '1031330570107629650')
2024-06-23 | 15:7 [SQL] SELECT id, message_id, project_name, creator_id, is_locked FROM groups WHERE message_id = 1254422680506073131
2024-06-23 | 15:7 [SQL] SELECT user_id FROM group_members WHERE group_id = 1
2024-06-23 | 15:7 [SQL] INSERT INTO group_members (group_id, user_id) VALUES ('1', '291563156159856641')
2024-06-23 | 15:7 [SQL] SELECT user_id FROM group_members WHERE group_id = 1
2024-06-23 | 15:8 [SQL] SELECT id, message_id, project_name, creator_id, is_locked FROM groups WHERE message_id = 1254422680506073131
2024-06-23 | 15:8 [SQL] SELECT user_id FROM group_members WHERE group_id = 1
2024-06-23 | 15:8 [SQL] UPDATE groups SET is_locked = 1 WHERE message_id = 1254422680506073131
2024-06-23 | 15:8 [SQL] SELECT user_id FROM group_members WHERE group_id = 1
2024-06-23 | 15:8 [SQL] SELECT id, message_id, project_name, creator_id, is_locked FROM groups WHERE message_id = 1254422680506073131
2024-06-23 | 15:8 [SQL] SELECT id, message_id, project_name, creator_id, is_locked FROM groups WHERE message_id = 1254422680506073131
2024-06-23 | 15:8 [SQL] SELECT user_id FROM group_members WHERE group_id = 1
2024-06-23 | 15:8 [SQL] UPDATE groups SET is_locked = 0 WHERE message_id = 1254422680506073131
2024-06-23 | 15:8 [SQL] SELECT user_id FROM group_members WHERE group_id = 1
2024-06-23 | 15:8 [SQL] SELECT id, message_id, project_name, creator_id, is_locked FROM groups WHERE message_id = 1254422680506073131
2024-06-23 | 15:8 [SQL] SELECT id, message_id, project_name, creator_id, is_locked FROM groups WHERE message_id = 1254422680506073131
2024-06-23 | 15:8 [SQL] SELECT user_id FROM group_members WHERE group_id = 1
2024-06-23 | 15:8 [SQL] UPDATE groups SET is_locked = 1 WHERE message_id = 1254422680506073131
2024-06-23 | 15:8 [SQL] SELECT user_id FROM group_members WHERE group_id = 1
2024-06-23 | 15:8 [SQL] SELECT id, message_id, project_name, creator_id, is_locked FROM groups WHERE message_id = 1254422680506073131
2024-06-23 | 15:9 [SQL] CREATE TABLE IF NOT EXISTS groups (id INTEGER PRIMARY KEY, message_id INTEGER, project_name STRING, creator_id INTEGER, is_locked INTEGER)
2024-06-23 | 15:9 [SQL] CREATE TABLE IF NOT EXISTS group_members (id INTEGER PRIMARY KEY, group_id INTEGER, user_id INTEGER)
2024-06-23 | 15:10 [SQL] SELECT id FROM groups WHERE project_name = 'ascii-art' AND creator_id = '1031330570107629650'
2024-06-23 | 15:10 [SQL] INSERT INTO groups (message_id, project_name, creator_id, is_locked) VALUES ('1254423214189187073', 'ascii-art', '1031330570107629650', 'False')
2024-06-23 | 15:10 [SQL] SELECT id FROM groups WHERE message_id = 1254423214189187073
2024-06-23 | 15:10 [SQL] INSERT INTO group_members (group_id, user_id) VALUES ('1', '1031330570107629650')
2024-06-23 | 15:10 [SQL] SELECT id, message_id, project_name, creator_id, is_locked FROM groups WHERE message_id = 1254423214189187073
2024-06-23 | 15:10 [SQL] SELECT user_id FROM group_members WHERE group_id = 1
2024-06-23 | 15:10 [SQL] INSERT INTO group_members (group_id, user_id) VALUES ('1', '291563156159856641')
2024-06-23 | 15:10 [SQL] SELECT user_id FROM group_members WHERE group_id = 1
2024-06-23 | 15:10 [SQL] SELECT id, message_id, project_name, creator_id, is_locked FROM groups WHERE message_id = 1254423214189187073
2024-06-23 | 15:10 [SQL] SELECT user_id FROM group_members WHERE group_id = 1
2024-06-23 | 15:10 [SQL] UPDATE groups SET is_locked = 1 WHERE message_id = 1254423214189187073
2024-06-23 | 15:10 [SQL] SELECT user_id FROM group_members WHERE group_id = 1
2024-06-23 | 15:10 [SQL] SELECT id, message_id, project_name, creator_id, is_locked FROM groups WHERE message_id = 1254423214189187073
2024-06-23 | 15:10 [SQL] SELECT id, message_id, project_name, creator_id, is_locked FROM groups WHERE message_id = 1254423214189187073
2024-06-23 | 15:10 [SQL] SELECT user_id FROM group_members WHERE group_id = 1
2024-06-23 | 15:10 [SQL] SELECT id, message_id, project_name, creator_id, is_locked FROM groups WHERE message_id = 1254423214189187073
2024-06-23 | 15:10 [SQL] SELECT user_id FROM group_members WHERE group_id = 1
2024-06-23 | 15:10 [SQL] SELECT id, message_id, project_name, creator_id, is_locked FROM groups WHERE message_id = 1254423214189187073
2024-06-23 | 15:10 [SQL] SELECT user_id FROM group_members WHERE group_id = 1
2024-06-23 | 15:10 [SQL] SELECT id, message_id, project_name, creator_id, is_locked FROM groups WHERE message_id = 1254423214189187073
2024-06-23 | 15:10 [SQL] SELECT user_id FROM group_members WHERE group_id = 1
2024-06-23 | 15:10 [SQL] UPDATE groups SET is_locked = 0 WHERE message_id = 1254423214189187073
2024-06-23 | 15:10 [SQL] SELECT user_id FROM group_members WHERE group_id = 1
2024-06-23 | 15:10 [SQL] SELECT id, message_id, project_name, creator_id, is_locked FROM groups WHERE message_id = 1254423214189187073
2024-06-23 | 15:11 [SQL] CREATE TABLE IF NOT EXISTS groups (id INTEGER PRIMARY KEY, message_id INTEGER, project_name STRING, creator_id INTEGER, is_locked INTEGER)
2024-06-23 | 15:11 [SQL] CREATE TABLE IF NOT EXISTS group_members (id INTEGER PRIMARY KEY, group_id INTEGER, user_id INTEGER)
2024-06-23 | 15:20 [SQL] CREATE TABLE IF NOT EXISTS groups (id INTEGER PRIMARY KEY, message_id INTEGER, project_name STRING, creator_id INTEGER, confirmed INTEGER)
2024-06-23 | 15:20 [SQL] CREATE TABLE IF NOT EXISTS group_members (id INTEGER PRIMARY KEY, group_id INTEGER, user_id INTEGER)
2024-06-23 | 15:20 [SQL] CREATE TABLE IF NOT EXISTS groups (id INTEGER PRIMARY KEY, message_id INTEGER, project_name STRING, creator_id INTEGER, confirmed INTEGER)
2024-06-23 | 15:20 [SQL] CREATE TABLE IF NOT EXISTS group_members (id INTEGER PRIMARY KEY, group_id INTEGER, user_id INTEGER)
2024-06-23 | 15:20 [SQL] SELECT id FROM groups WHERE project_name = 'ascii-art' AND creator_id = '1031330570107629650'
2024-06-23 | 15:22 [SQL] CREATE TABLE IF NOT EXISTS groups (id INTEGER PRIMARY KEY, message_id INTEGER, project_name STRING, creator_id INTEGER, confirmed INTEGER)
2024-06-23 | 15:22 [SQL] CREATE TABLE IF NOT EXISTS group_members (id INTEGER PRIMARY KEY, group_id INTEGER, user_id INTEGER)
2024-06-23 | 15:22 [SQL] CREATE TABLE IF NOT EXISTS groups (id INTEGER PRIMARY KEY, message_id INTEGER, project_name STRING, creator_id INTEGER, confirmed INTEGER)
2024-06-23 | 15:22 [SQL] CREATE TABLE IF NOT EXISTS group_members (id INTEGER PRIMARY KEY, group_id INTEGER, user_id INTEGER)
2024-06-23 | 15:22 [SQL] SELECT id FROM groups WHERE project_name = 'ascii-art' AND creator_id = '1031330570107629650'
2024-06-23 | 15:22 [SQL] INSERT INTO groups (message_id, project_name, creator_id, confirmed) VALUES ('1254426405886890017', 'ascii-art', '1031330570107629650', '0')
2024-06-23 | 15:22 [SQL] SELECT id FROM groups WHERE message_id = 1254426405886890017
2024-06-23 | 15:22 [SQL] INSERT INTO group_members (group_id, user_id) VALUES ('1', '1031330570107629650')
2024-06-23 | 15:22 [SQL] SELECT id, message_id, project_name, creator_id, confirmed FROM groups WHERE message_id = 1254426405886890017
2024-06-23 | 15:22 [SQL] SELECT user_id FROM group_members WHERE group_id = 1
2024-06-23 | 15:23 [SQL] CREATE TABLE IF NOT EXISTS groups (id INTEGER PRIMARY KEY, message_id INTEGER, project_name STRING, creator_id INTEGER, confirmed INTEGER)
2024-06-23 | 15:23 [SQL] CREATE TABLE IF NOT EXISTS group_members (id INTEGER PRIMARY KEY, group_id INTEGER, user_id INTEGER)
2024-06-23 | 15:23 [SQL] SELECT id FROM groups WHERE project_name = 'ascii-art' AND creator_id = '1031330570107629650'
2024-06-23 | 15:23 [SQL] INSERT INTO groups (message_id, project_name, creator_id, confirmed) VALUES ('1254426515949748298', 'ascii-art', '1031330570107629650', '0')
2024-06-23 | 15:23 [SQL] SELECT id FROM groups WHERE message_id = 1254426515949748298
2024-06-23 | 15:23 [SQL] INSERT INTO group_members (group_id, user_id) VALUES ('1', '1031330570107629650')
2024-06-23 | 15:23 [SQL] SELECT id, message_id, project_name, creator_id, confirmed FROM groups WHERE message_id = 1254426515949748298
2024-06-23 | 15:23 [SQL] SELECT user_id FROM group_members WHERE group_id = 1
2024-06-23 | 15:23 [SQL] INSERT INTO group_members (group_id, user_id) VALUES ('1', '291563156159856641')
2024-06-23 | 15:23 [SQL] SELECT user_id FROM group_members WHERE group_id = 1
2024-06-23 | 15:23 [SQL] SELECT id, message_id, project_name, creator_id, confirmed FROM groups WHERE message_id = 1254426515949748298
2024-06-23 | 15:23 [SQL] CREATE TABLE IF NOT EXISTS groups (id INTEGER PRIMARY KEY, message_id INTEGER, project_name STRING, creator_id INTEGER, confirmed INTEGER)
2024-06-23 | 15:23 [SQL] CREATE TABLE IF NOT EXISTS group_members (id INTEGER PRIMARY KEY, group_id INTEGER, user_id INTEGER)
2024-06-23 | 15:23 [SQL] SELECT id FROM groups WHERE project_name = 'ascii-art' AND creator_id = '1031330570107629650'
2024-06-23 | 15:23 [SQL] INSERT INTO groups (message_id, project_name, creator_id, confirmed) VALUES ('1254426622174691422', 'ascii-art', '1031330570107629650', '0')
2024-06-23 | 15:23 [SQL] SELECT id FROM groups WHERE message_id = 1254426622174691422
2024-06-23 | 15:23 [SQL] INSERT INTO group_members (group_id, user_id) VALUES ('1', '1031330570107629650')
2024-06-23 | 15:23 [SQL] SELECT id, message_id, project_name, creator_id, confirmed FROM groups WHERE message_id = 1254426622174691422
2024-06-23 | 15:23 [SQL] SELECT user_id FROM group_members WHERE group_id = 1
2024-06-23 | 15:23 [SQL] INSERT INTO group_members (group_id, user_id) VALUES ('1', '291563156159856641')
2024-06-23 | 15:23 [SQL] SELECT user_id FROM group_members WHERE group_id = 1
2024-06-23 | 15:23 [SQL] SELECT id, message_id, project_name, creator_id, confirmed FROM groups WHERE message_id = 1254426622174691422
2024-06-23 | 15:23 [SQL] SELECT id, message_id, project_name, creator_id, confirmed FROM groups WHERE message_id = 1254426622174691422
2024-06-23 | 15:23 [SQL] SELECT user_id FROM group_members WHERE group_id = 1
2024-06-23 | 15:23 [SQL] SELECT id, message_id, project_name, creator_id, confirmed FROM groups WHERE message_id = 1254426622174691422
2024-06-23 | 15:23 [SQL] SELECT user_id FROM group_members WHERE group_id = 1
2024-06-23 | 15:24 [SQL] CREATE TABLE IF NOT EXISTS groups (id INTEGER PRIMARY KEY, message_id INTEGER, project_name STRING, creator_id INTEGER, confirmed INTEGER)
2024-06-23 | 15:24 [SQL] CREATE TABLE IF NOT EXISTS group_members (id INTEGER PRIMARY KEY, group_id INTEGER, user_id INTEGER)
2024-06-23 | 15:24 [SQL] SELECT id FROM groups WHERE project_name = 'ascii-art' AND creator_id = '1031330570107629650'
2024-06-23 | 15:24 [SQL] INSERT INTO groups (message_id, project_name, creator_id, confirmed) VALUES ('1254426803968409631', 'ascii-art', '1031330570107629650', '0')
2024-06-23 | 15:24 [SQL] SELECT id FROM groups WHERE message_id = 1254426803968409631
2024-06-23 | 15:24 [SQL] INSERT INTO group_members (group_id, user_id) VALUES ('1', '1031330570107629650')
2024-06-23 | 15:24 [SQL] SELECT id, message_id, project_name, creator_id, confirmed FROM groups WHERE message_id = 1254426803968409631
2024-06-23 | 15:24 [SQL] SELECT user_id FROM group_members WHERE group_id = 1
2024-06-23 | 15:24 [SQL] INSERT INTO group_members (group_id, user_id) VALUES ('1', '291563156159856641')
2024-06-23 | 15:24 [SQL] SELECT user_id FROM group_members WHERE group_id = 1
2024-06-23 | 15:24 [SQL] SELECT id, message_id, project_name, creator_id, confirmed FROM groups WHERE message_id = 1254426803968409631
2024-06-23 | 15:24 [SQL] SELECT id, message_id, project_name, creator_id, confirmed FROM groups WHERE message_id = 1254426803968409631
2024-06-23 | 15:24 [SQL] SELECT user_id FROM group_members WHERE group_id = 1
2024-06-23 | 15:24 [SQL] UPDATE groups SET confirmed = 1 WHERE message_id = 1254426803968409631
2024-06-23 | 15:24 [SQL] SELECT user_id FROM group_members WHERE group_id = 1
2024-06-23 | 15:24 [SQL] SELECT id, message_id, project_name, creator_id, confirmed FROM groups WHERE message_id = 1254426803968409631
2024-06-23 | 15:24 [SQL] SELECT id, message_id, project_name, creator_id, confirmed FROM groups WHERE message_id = 1254426803968409631
2024-06-23 | 15:24 [SQL] SELECT user_id FROM group_members WHERE group_id = 1
2024-06-23 | 15:27 [SQL] CREATE TABLE IF NOT EXISTS groups (id INTEGER PRIMARY KEY, message_id INTEGER, project_name STRING, creator_id INTEGER, confirmed INTEGER)
2024-06-23 | 15:27 [SQL] CREATE TABLE IF NOT EXISTS group_members (id INTEGER PRIMARY KEY, group_id INTEGER, user_id INTEGER)
2024-06-23 | 15:27 [SQL] SELECT id FROM groups WHERE project_name = 'ascii-art' AND creator_id = '1031330570107629650'
2024-06-23 | 15:27 [SQL] INSERT INTO groups (message_id, project_name, creator_id, confirmed) VALUES ('1254427683656564783', 'ascii-art', '1031330570107629650', '0')
2024-06-23 | 15:27 [SQL] SELECT id FROM groups WHERE message_id = 1254427683656564783
2024-06-23 | 15:27 [SQL] INSERT INTO group_members (group_id, user_id) VALUES ('1', '1031330570107629650')
2024-06-23 | 15:27 [SQL] SELECT id, message_id, project_name, creator_id, confirmed FROM groups WHERE message_id = 1254427683656564783
2024-06-23 | 15:27 [SQL] UPDATE groups SET confirmed = 1 WHERE message_id = 1254427683656564783
2024-06-23 | 15:27 [SQL] SELECT user_id FROM group_members WHERE group_id = 1
2024-06-23 | 15:27 [SQL] SELECT id, message_id, project_name, creator_id, confirmed FROM groups WHERE message_id = 1254427683656564783
2024-06-23 | 15:28 [SQL] SELECT id, message_id, project_name, creator_id, confirmed FROM groups WHERE message_id = 1254427683656564783
2024-06-23 | 15:28 [SQL] CREATE TABLE IF NOT EXISTS groups (id INTEGER PRIMARY KEY, message_id INTEGER, project_name STRING, creator_id INTEGER, confirmed INTEGER)
2024-06-23 | 15:28 [SQL] CREATE TABLE IF NOT EXISTS group_members (id INTEGER PRIMARY KEY, group_id INTEGER, user_id INTEGER)
2024-06-23 | 15:28 [SQL] SELECT id FROM groups WHERE project_name = 'ascii-art' AND creator_id = '1031330570107629650'
2024-06-23 | 15:28 [SQL] INSERT INTO groups (message_id, project_name, creator_id, confirmed) VALUES ('1254427934345924691', 'ascii-art', '1031330570107629650', '0')
2024-06-23 | 15:28 [SQL] SELECT id FROM groups WHERE message_id = 1254427934345924691
2024-06-23 | 15:28 [SQL] INSERT INTO group_members (group_id, user_id) VALUES ('1', '1031330570107629650')
2024-06-23 | 15:28 [SQL] SELECT id, message_id, project_name, creator_id, confirmed FROM groups WHERE message_id = 1254427934345924691
2024-06-23 | 15:28 [SQL] UPDATE groups SET confirmed = 1 WHERE message_id = 1254427934345924691
2024-06-23 | 15:28 [SQL] SELECT user_id FROM group_members WHERE group_id = 1
2024-06-23 | 15:28 [SQL] SELECT id, message_id, project_name, creator_id, confirmed FROM groups WHERE message_id = 1254427934345924691
2024-06-23 | 15:29 [SQL] CREATE TABLE IF NOT EXISTS groups (id INTEGER PRIMARY KEY, message_id INTEGER, project_name STRING, creator_id INTEGER, confirmed INTEGER)
2024-06-23 | 15:29 [SQL] CREATE TABLE IF NOT EXISTS group_members (id INTEGER PRIMARY KEY, group_id INTEGER, user_id INTEGER)
2024-06-23 | 15:29 [SQL] SELECT id FROM groups WHERE project_name = 'ascii-art' AND creator_id = '1031330570107629650'
2024-06-23 | 15:29 [SQL] INSERT INTO groups (message_id, project_name, creator_id, confirmed) VALUES ('1254428064298045464', 'ascii-art', '1031330570107629650', '0')
2024-06-23 | 15:29 [SQL] SELECT id FROM groups WHERE message_id = 1254428064298045464
2024-06-23 | 15:29 [SQL] INSERT INTO group_members (group_id, user_id) VALUES ('1', '1031330570107629650')
2024-06-23 | 15:29 [SQL] SELECT id, message_id, project_name, creator_id, confirmed FROM groups WHERE message_id = 1254428064298045464
2024-06-23 | 15:29 [SQL] UPDATE groups SET confirmed = 1 WHERE message_id = 1254428064298045464
2024-06-23 | 15:29 [SQL] SELECT user_id FROM group_members WHERE group_id = 1
2024-06-23 | 15:29 [SQL] SELECT id, message_id, project_name, creator_id, confirmed FROM groups WHERE message_id = 1254428064298045464
2024-06-23 | 15:29 [SQL] CREATE TABLE IF NOT EXISTS groups (id INTEGER PRIMARY KEY, message_id INTEGER, project_name STRING, creator_id INTEGER, confirmed INTEGER)
2024-06-23 | 15:29 [SQL] CREATE TABLE IF NOT EXISTS group_members (id INTEGER PRIMARY KEY, group_id INTEGER, user_id INTEGER)
2024-06-23 | 15:29 [SQL] SELECT id FROM groups WHERE project_name = 'ascii-art' AND creator_id = '1031330570107629650'
2024-06-23 | 15:29 [SQL] INSERT INTO groups (message_id, project_name, creator_id, confirmed) VALUES ('1254428186259750924', 'ascii-art', '1031330570107629650', '0')
2024-06-23 | 15:29 [SQL] SELECT id FROM groups WHERE message_id = 1254428186259750924
2024-06-23 | 15:29 [SQL] INSERT INTO group_members (group_id, user_id) VALUES ('1', '1031330570107629650')
2024-06-23 | 15:29 [SQL] SELECT id, message_id, project_name, creator_id, confirmed FROM groups WHERE message_id = 1254428186259750924
2024-06-23 | 15:29 [SQL] UPDATE groups SET confirmed = 1 WHERE message_id = 1254428186259750924
2024-06-23 | 15:29 [SQL] SELECT user_id FROM group_members WHERE group_id = 1
2024-06-23 | 15:29 [SQL] SELECT id, message_id, project_name, creator_id, confirmed FROM groups WHERE message_id = 1254428186259750924
2024-06-23 | 15:29 [SQL] SELECT id, message_id, project_name, creator_id, confirmed FROM groups WHERE message_id = 1254428186259750924
2024-06-23 | 15:29 [SQL] UPDATE groups SET confirmed = 0 WHERE message_id = 1254428186259750924
2024-06-23 | 15:29 [SQL] SELECT user_id FROM group_members WHERE group_id = 1
2024-06-23 | 15:29 [SQL] SELECT id, message_id, project_name, creator_id, confirmed FROM groups WHERE message_id = 1254428186259750924
2024-06-23 | 15:29 [SQL] SELECT id, message_id, project_name, creator_id, confirmed FROM groups WHERE message_id = 1254428186259750924
2024-06-23 | 15:29 [SQL] SELECT user_id FROM group_members WHERE group_id = 1
2024-06-23 | 15:29 [SQL] DELETE FROM group_members WHERE id = 1 AND user_id = 1031330570107629650
2024-06-23 | 15:29 [SQL] SELECT id FROM groups WHERE message_id = 1254428186259750924
2024-06-23 | 15:29 [SQL] DELETE FROM groups WHERE id = 1
2024-06-23 | 15:30 [SQL] CREATE TABLE IF NOT EXISTS groups (id INTEGER PRIMARY KEY, message_id INTEGER, project_name STRING, creator_id INTEGER, confirmed INTEGER)
2024-06-23 | 15:30 [SQL] CREATE TABLE IF NOT EXISTS group_members (id INTEGER PRIMARY KEY, group_id INTEGER, user_id INTEGER)
2024-06-23 | 15:30 [SQL] SELECT id FROM groups WHERE project_name = 'ascii-art' AND creator_id = '1031330570107629650'
2024-06-23 | 15:30 [SQL] INSERT INTO groups (message_id, project_name, creator_id, confirmed) VALUES ('1254428323916812318', 'ascii-art', '1031330570107629650', '0')
2024-06-23 | 15:30 [SQL] SELECT id FROM groups WHERE message_id = 1254428323916812318
2024-06-23 | 15:30 [SQL] INSERT INTO group_members (group_id, user_id) VALUES ('1', '1031330570107629650')
2024-06-23 | 15:30 [SQL] SELECT id, message_id, project_name, creator_id, confirmed FROM groups WHERE message_id = 1254428323916812318
2024-06-23 | 15:30 [SQL] SELECT user_id FROM group_members WHERE group_id = 1
2024-06-23 | 15:30 [SQL] INSERT INTO group_members (group_id, user_id) VALUES ('1', '291563156159856641')
2024-06-23 | 15:30 [SQL] SELECT user_id FROM group_members WHERE group_id = 1
2024-06-23 | 15:30 [SQL] SELECT id, message_id, project_name, creator_id, confirmed FROM groups WHERE message_id = 1254428323916812318
2024-06-23 | 15:30 [SQL] SELECT id, message_id, project_name, creator_id, confirmed FROM groups WHERE message_id = 1254428323916812318
2024-06-23 | 15:30 [SQL] UPDATE groups SET confirmed = 1 WHERE message_id = 1254428323916812318
2024-06-23 | 15:30 [SQL] SELECT user_id FROM group_members WHERE group_id = 1
2024-06-23 | 15:30 [SQL] SELECT id, message_id, project_name, creator_id, confirmed FROM groups WHERE message_id = 1254428323916812318
2024-06-23 | 15:30 [SQL] SELECT id, message_id, project_name, creator_id, confirmed FROM groups WHERE message_id = 1254428323916812318
2024-06-23 | 15:30 [SQL] SELECT user_id FROM group_members WHERE group_id = 1
2024-06-23 | 15:30 [SQL] SELECT id, message_id, project_name, creator_id, confirmed FROM groups WHERE message_id = 1254428323916812318
2024-06-23 | 15:30 [SQL] UPDATE groups SET confirmed = 0 WHERE message_id = 1254428323916812318
2024-06-23 | 15:30 [SQL] SELECT user_id FROM group_members WHERE group_id = 1
2024-06-23 | 15:30 [SQL] SELECT id, message_id, project_name, creator_id, confirmed FROM groups WHERE message_id = 1254428323916812318
2024-06-23 | 15:30 [SQL] SELECT id, message_id, project_name, creator_id, confirmed FROM groups WHERE message_id = 1254428323916812318
2024-06-23 | 15:30 [SQL] SELECT user_id FROM group_members WHERE group_id = 1
2024-06-23 | 15:30 [SQL] DELETE FROM group_members WHERE group_id = 1 AND user_id = 291563156159856641
2024-06-23 | 15:30 [SQL] SELECT user_id FROM group_members WHERE group_id = 1
2024-06-23 | 15:30 [SQL] SELECT id, message_id, project_name, creator_id, confirmed FROM groups WHERE message_id = 1254428323916812318
2024-06-23 | 15:30 [SQL] SELECT id, message_id, project_name, creator_id, confirmed FROM groups WHERE message_id = 1254428323916812318
2024-06-23 | 15:30 [SQL] SELECT user_id FROM group_members WHERE group_id = 1
2024-06-23 | 15:30 [SQL] DELETE FROM group_members WHERE id = 1 AND user_id = 1031330570107629650
2024-06-23 | 15:30 [SQL] SELECT id FROM groups WHERE message_id = 1254428323916812318
2024-06-23 | 15:30 [SQL] DELETE FROM groups WHERE id = 1
2024-06-23 | 15:32 [SQL] CREATE TABLE IF NOT EXISTS groups (id INTEGER PRIMARY KEY, message_id INTEGER, project_name STRING, creator_id INTEGER, confirmed INTEGER)
2024-06-23 | 15:32 [SQL] CREATE TABLE IF NOT EXISTS group_members (id INTEGER PRIMARY KEY, group_id INTEGER, user_id INTEGER)
2024-06-23 | 15:32 [SQL] SELECT id FROM groups WHERE project_name = 'ascii-art' AND creator_id = '1031330570107629650'
2024-06-23 | 15:32 [SQL] INSERT INTO groups (message_id, project_name, creator_id, confirmed) VALUES ('1254428966215745539', 'ascii-art', '1031330570107629650', '0')
2024-06-23 | 15:32 [SQL] SELECT id FROM groups WHERE message_id = 1254428966215745539
2024-06-23 | 15:32 [SQL] INSERT INTO group_members (group_id, user_id) VALUES ('1', '1031330570107629650')
2024-06-23 | 15:33 [SQL] SELECT id, message_id, project_name, creator_id, confirmed FROM groups WHERE message_id = 1254428966215745539
2024-06-23 | 15:33 [SQL] SELECT user_id FROM group_members WHERE group_id = 1
2024-06-23 | 15:33 [SQL] INSERT INTO group_members (group_id, user_id) VALUES ('1', '291563156159856641')
2024-06-23 | 15:33 [SQL] SELECT user_id FROM group_members WHERE group_id = 1
2024-06-23 | 15:33 [SQL] SELECT id, message_id, project_name, creator_id, confirmed FROM groups WHERE message_id = 1254428966215745539
2024-06-23 | 15:33 [SQL] SELECT id, message_id, project_name, creator_id, confirmed FROM groups WHERE message_id = 1254428966215745539
2024-06-23 | 15:33 [SQL] SELECT user_id FROM group_members WHERE group_id = 1
2024-06-23 | 15:33 [SQL] UPDATE groups SET confirmed = 1 WHERE message_id = 1254428966215745539
2024-06-23 | 15:33 [SQL] SELECT user_id FROM group_members WHERE group_id = 1
2024-06-23 | 15:33 [SQL] SELECT id, message_id, project_name, creator_id, confirmed FROM groups WHERE message_id = 1254428966215745539
2024-06-23 | 15:33 [SQL] SELECT id, message_id, project_name, creator_id, confirmed FROM groups WHERE message_id = 1254428966215745539
2024-06-23 | 15:33 [SQL] SELECT user_id FROM group_members WHERE group_id = 1
2024-06-23 | 15:33 [SQL] SELECT id, message_id, project_name, creator_id, confirmed FROM groups WHERE message_id = 1254428966215745539
2024-06-23 | 15:33 [SQL] SELECT user_id FROM group_members WHERE group_id = 1
2024-06-23 | 15:33 [SQL] UPDATE groups SET confirmed = 0 WHERE message_id = 1254428966215745539
2024-06-23 | 15:33 [SQL] SELECT user_id FROM group_members WHERE group_id = 1
2024-06-23 | 15:33 [SQL] SELECT id, message_id, project_name, creator_id, confirmed FROM groups WHERE message_id = 1254428966215745539
2024-06-23 | 15:33 [SQL] SELECT id, message_id, project_name, creator_id, confirmed FROM groups WHERE message_id = 1254428966215745539
2024-06-23 | 15:33 [SQL] SELECT user_id FROM group_members WHERE group_id = 1
2024-06-23 | 15:33 [SQL] DELETE FROM group_members WHERE group_id = 1 AND user_id = 291563156159856641
2024-06-23 | 15:33 [SQL] SELECT user_id FROM group_members WHERE group_id = 1
2024-06-23 | 15:33 [SQL] SELECT id, message_id, project_name, creator_id, confirmed FROM groups WHERE message_id = 1254428966215745539
2024-06-23 | 15:33 [SQL] SELECT id, message_id, project_name, creator_id, confirmed FROM groups WHERE message_id = 1254428966215745539
2024-06-23 | 15:33 [SQL] SELECT user_id FROM group_members WHERE group_id = 1
2024-06-23 | 15:33 [SQL] DELETE FROM group_members WHERE id = 1 AND user_id = 1031330570107629650
2024-06-23 | 15:33 [SQL] SELECT id FROM groups WHERE message_id = 1254428966215745539
2024-06-23 | 15:33 [SQL] DELETE FROM groups WHERE id = 1
2024-06-23 | 15:34 [SQL] CREATE TABLE IF NOT EXISTS groups (id INTEGER PRIMARY KEY, message_id INTEGER, project_name STRING, creator_id INTEGER, confirmed INTEGER)
2024-06-23 | 15:34 [SQL] CREATE TABLE IF NOT EXISTS group_members (id INTEGER PRIMARY KEY, group_id INTEGER, user_id INTEGER)
