2024-06-23 | 16:24 [SQL] CREATE TABLE IF NOT EXISTS groups (id INTEGER PRIMARY KEY, message_id INTEGER, project_name STRING, creator_id INTEGER, confirmed INTEGER)
2024-06-23 | 16:24 [SQL] CREATE TABLE IF NOT EXISTS group_members (id INTEGER PRIMARY KEY, group_id INTEGER, user_id INTEGER)
2024-06-23 | 17:20 [SQL] CREATE TABLE IF NOT EXISTS groups (id INTEGER PRIMARY KEY, message_id INTEGER, project_name STRING, creator_id INTEGER, confirmed INTEGER)
2024-06-23 | 17:20 [SQL] CREATE TABLE IF NOT EXISTS group_members (id INTEGER PRIMARY KEY, group_id INTEGER, user_id INTEGER)
2024-06-23 | 17:21 [SQL] SELECT project_name, creator_id, message_id FROM groups
2024-06-23 | 17:21 [SQL] SELECT id FROM groups WHERE project_name = 'ascii-art-web' AND creator_id = '291563156159856641'
2024-06-23 | 17:21 [SQL] INSERT INTO groups (message_id, project_name, creator_id, confirmed) VALUES ('1254456237999788074', 'ascii-art-web', '291563156159856641', '0')
2024-06-23 | 17:21 [SQL] SELECT id FROM groups WHERE message_id = 1254456237999788074
2024-06-23 | 17:21 [SQL] INSERT INTO group_members (group_id, user_id) VALUES ('2', '291563156159856641')
2024-06-23 | 17:21 [SQL] SELECT project_name, creator_id, message_id FROM groups
2024-06-23 | 17:21 [SQL] SELECT group_id FROM group_members WHERE user_id = 1031330570107629650
2024-06-23 | 17:24 [SQL] CREATE TABLE IF NOT EXISTS groups (id INTEGER PRIMARY KEY, message_id INTEGER, project_name STRING, creator_id INTEGER, confirmed INTEGER)
2024-06-23 | 17:24 [SQL] CREATE TABLE IF NOT EXISTS group_members (id INTEGER PRIMARY KEY, group_id INTEGER, user_id INTEGER)
2024-06-23 | 17:25 [SQL] SELECT group_id FROM group_members WHERE user_id = 1031330570107629650
2024-06-23 | 17:25 [SQL] SELECT project_name, creator_id, message_id FROM groups WHERE id IN (1,)
2024-06-23 | 17:26 [SQL] SELECT project_name, creator_id, message_id FROM groups
2024-06-23 | 17:27 [SQL] CREATE TABLE IF NOT EXISTS groups (id INTEGER PRIMARY KEY, message_id INTEGER, project_name STRING, creator_id INTEGER, confirmed INTEGER)
2024-06-23 | 17:27 [SQL] CREATE TABLE IF NOT EXISTS group_members (id INTEGER PRIMARY KEY, group_id INTEGER, user_id INTEGER)
2024-06-23 | 17:27 [SQL] SELECT group_id FROM group_members WHERE user_id = 1031330570107629650
2024-06-23 | 17:27 [SQL] SELECT project_name, creator_id, message_id FROM groups WHERE id IN (1,)
2024-06-23 | 17:31 [SQL] SELECT group_id FROM group_members WHERE user_id = 291563156159856641
2024-06-23 | 17:31 [SQL] SELECT project_name, creator_id, message_id FROM groups WHERE id IN (1, 2)
2024-06-23 | 17:34 [SQL] CREATE TABLE IF NOT EXISTS groups (id INTEGER PRIMARY KEY, message_id INTEGER, project_name STRING, creator_id INTEGER, confirmed INTEGER)
2024-06-23 | 17:34 [SQL] CREATE TABLE IF NOT EXISTS group_members (id INTEGER PRIMARY KEY, group_id INTEGER, user_id INTEGER)
2024-06-23 | 17:35 [SQL] SELECT group_id FROM group_members WHERE user_id = 1031330570107629650
2024-06-23 | 17:35 [SQL] SELECT project_name, creator_id, message_id FROM groups WHERE id IN ('(', '1', ')')
2024-06-23 | 17:35 [SQL] SELECT project_name, creator_id, message_id FROM groups WHERE project_name = 'ascii-art-web'
2024-06-23 | 17:35 [SQL] SELECT project_name, creator_id, message_id FROM groups WHERE project_name = 'ascii-a'
2024-06-23 | 17:35 [SQL] SELECT group_id FROM group_members WHERE user_id = 1031330570107629650
2024-06-23 | 17:35 [SQL] SELECT project_name, creator_id, message_id FROM groups WHERE id IN ('(', '1', ')') AND project_name = 'ascii-art-web'
2024-06-23 | 17:35 [SQL] SELECT group_id FROM group_members WHERE user_id = 1031330570107629650
2024-06-23 | 17:35 [SQL] SELECT project_name, creator_id, message_id FROM groups WHERE id IN ('(', '1', ')') AND project_name = 'ascii-art'
2024-06-23 | 17:36 [SQL] CREATE TABLE IF NOT EXISTS groups (id INTEGER PRIMARY KEY, message_id INTEGER, project_name STRING, creator_id INTEGER, confirmed INTEGER)
2024-06-23 | 17:36 [SQL] CREATE TABLE IF NOT EXISTS group_members (id INTEGER PRIMARY KEY, group_id INTEGER, user_id INTEGER)
2024-06-23 | 17:40 [SQL] CREATE TABLE IF NOT EXISTS groups (id INTEGER PRIMARY KEY, message_id INTEGER, project_name STRING, creator_id INTEGER, confirmed INTEGER)
2024-06-23 | 17:40 [SQL] CREATE TABLE IF NOT EXISTS group_members (id INTEGER PRIMARY KEY, group_id INTEGER, user_id INTEGER)
2024-06-23 | 17:40 [SQL] SELECT project_name, creator_id, message_id FROM groups
2024-06-23 | 17:40 [SQL] CREATE TABLE IF NOT EXISTS groups (id INTEGER PRIMARY KEY, message_id INTEGER, project_name STRING, creator_id INTEGER, confirmed INTEGER)
2024-06-23 | 17:40 [SQL] CREATE TABLE IF NOT EXISTS group_members (id INTEGER PRIMARY KEY, group_id INTEGER, user_id INTEGER)
2024-06-23 | 17:40 [SQL] SELECT project_name, creator_id, message_id FROM groups
2024-06-23 | 17:45 [SQL] CREATE TABLE IF NOT EXISTS groups (id INTEGER PRIMARY KEY, message_id INTEGER, project_name STRING, creator_id INTEGER, confirmed INTEGER)
2024-06-23 | 17:45 [SQL] CREATE TABLE IF NOT EXISTS group_members (id INTEGER PRIMARY KEY, group_id INTEGER, user_id INTEGER)
2024-06-23 | 17:45 [SQL] SELECT project_name, creator_id, message_id FROM groups
