2024-06-23 | 19:45 [SQL] CREATE TABLE IF NOT EXISTS groups (id INTEGER PRIMARY KEY, message_id INTEGER, project_name STRING, creator_id INTEGER, confirmed INTEGER)
2024-06-23 | 19:45 [SQL] CREATE TABLE IF NOT EXISTS group_members (id INTEGER PRIMARY KEY, group_id INTEGER, user_id INTEGER)
2024-06-23 | 19:45 [SQL] SELECT id FROM groups WHERE project_name = 'ascii-art' AND creator_id = '1031330570107629650'
2024-06-23 | 19:45 [SQL] INSERT INTO groups (message_id, project_name, creator_id, confirmed) VALUES ('1254492488161562745', 'ascii-art', '1031330570107629650', '0')
2024-06-23 | 19:45 [SQL] SELECT id FROM groups WHERE message_id = 1254492488161562745
2024-06-23 | 19:45 [SQL] INSERT INTO group_members (group_id, user_id) VALUES ('1', '1031330570107629650')
2024-06-23 | 19:45 [SQL] SELECT project_name, creator_id, message_id FROM groups
2024-06-23 | 19:45 [SQL] SELECT project_name, creator_id, message_id FROM groups
2024-06-23 | 19:45 [SQL] SELECT project_name, creator_id, message_id FROM groups
2024-06-23 | 19:45 [SQL] SELECT project_name, creator_id, message_id FROM groups
2024-06-23 | 19:45 [SQL] SELECT id, message_id, project_name, creator_id, confirmed FROM groups WHERE message_id = 1254492488161562745
2024-06-23 | 19:45 [SQL] SELECT project_name, creator_id, message_id FROM groups
2024-06-23 | 19:45 [SQL] SELECT project_name, creator_id, message_id FROM groups
2024-06-23 | 19:46 [SQL] SELECT id, message_id, project_name, creator_id, confirmed FROM groups WHERE message_id = 1254492488161562745
2024-06-23 | 19:48 [SQL] CREATE TABLE IF NOT EXISTS groups (id INTEGER PRIMARY KEY, message_id INTEGER, project_name STRING, creator_id INTEGER, confirmed INTEGER)
2024-06-23 | 19:48 [SQL] CREATE TABLE IF NOT EXISTS group_members (id INTEGER PRIMARY KEY, group_id INTEGER, user_id INTEGER)
2024-06-23 | 19:49 [SQL] CREATE TABLE IF NOT EXISTS groups (id INTEGER PRIMARY KEY, message_id INTEGER, project_name STRING, creator_id INTEGER, confirmed INTEGER)
2024-06-23 | 19:49 [SQL] CREATE TABLE IF NOT EXISTS group_members (id INTEGER PRIMARY KEY, group_id INTEGER, user_id INTEGER)
2024-06-23 | 19:49 [SQL] SELECT id FROM groups WHERE project_name = 'ascii-art' AND creator_id = '1031330570107629650'
2024-06-23 | 19:49 [SQL] INSERT INTO groups (message_id, project_name, creator_id, confirmed) VALUES ('1254493449479262421', 'ascii-art', '1031330570107629650', '0')
2024-06-23 | 19:49 [SQL] SELECT id FROM groups WHERE message_id = 1254493449479262421
2024-06-23 | 19:49 [SQL] INSERT INTO group_members (group_id, user_id) VALUES ('1', '1031330570107629650')
2024-06-23 | 19:49 [SQL] SELECT project_name, creator_id, message_id FROM groups
2024-06-23 | 19:49 [SQL] SELECT project_name, creator_id, message_id FROM groups
2024-06-23 | 19:49 [SQL] SELECT id, message_id, project_name, creator_id, confirmed FROM groups WHERE message_id = 1254493449479262421
2024-06-23 | 19:49 [SQL] CREATE TABLE IF NOT EXISTS groups (id INTEGER PRIMARY KEY, message_id INTEGER, project_name STRING, creator_id INTEGER, confirmed INTEGER)
2024-06-23 | 19:49 [SQL] CREATE TABLE IF NOT EXISTS group_members (id INTEGER PRIMARY KEY, group_id INTEGER, user_id INTEGER)
2024-06-23 | 19:49 [SQL] SELECT id FROM groups WHERE project_name = 'ascii-art' AND creator_id = '1031330570107629650'
2024-06-23 | 19:49 [SQL] SELECT id FROM groups WHERE project_name = 'ascii-art-web' AND creator_id = '1031330570107629650'
2024-06-23 | 19:49 [SQL] INSERT INTO groups (message_id, project_name, creator_id, confirmed) VALUES ('1254493633143504967', 'ascii-art-web', '1031330570107629650', '0')
2024-06-23 | 19:49 [SQL] SELECT id FROM groups WHERE message_id = 1254493633143504967
2024-06-23 | 19:49 [SQL] INSERT INTO group_members (group_id, user_id) VALUES ('2', '1031330570107629650')
2024-06-23 | 19:49 [SQL] SELECT id, message_id, project_name, creator_id, confirmed FROM groups WHERE message_id = 1254493633143504967
2024-06-23 | 19:49 [SQL] SELECT user_id FROM group_members WHERE group_id = 2
2024-06-23 | 19:49 [SQL] DELETE FROM group_members WHERE id = 2 AND user_id = 1031330570107629650
2024-06-23 | 19:49 [SQL] SELECT id FROM groups WHERE message_id = 1254493633143504967
2024-06-23 | 19:49 [SQL] DELETE FROM groups WHERE id = 2
2024-06-23 | 19:50 [SQL] CREATE TABLE IF NOT EXISTS groups (id INTEGER PRIMARY KEY, message_id INTEGER, project_name STRING, creator_id INTEGER, confirmed INTEGER)
2024-06-23 | 19:50 [SQL] CREATE TABLE IF NOT EXISTS group_members (id INTEGER PRIMARY KEY, group_id INTEGER, user_id INTEGER)
2024-06-23 | 19:50 [SQL] SELECT id FROM groups WHERE project_name = 'ascii-art' AND creator_id = '1031330570107629650'
2024-06-23 | 19:50 [SQL] INSERT INTO groups (message_id, project_name, creator_id, confirmed) VALUES ('1254493840849764394', 'ascii-art', '1031330570107629650', '0')
2024-06-23 | 19:50 [SQL] SELECT id FROM groups WHERE message_id = 1254493840849764394
2024-06-23 | 19:50 [SQL] INSERT INTO group_members (group_id, user_id) VALUES ('1', '1031330570107629650')
2024-06-23 | 19:50 [SQL] SELECT id, message_id, project_name, creator_id, confirmed FROM groups WHERE message_id = 1254493840849764394
2024-06-23 | 22:26 [SQL] CREATE TABLE IF NOT EXISTS groups (id INTEGER PRIMARY KEY, message_id INTEGER, project_name STRING, creator_id INTEGER, confirmed INTEGER)
2024-06-23 | 22:26 [SQL] CREATE TABLE IF NOT EXISTS group_members (id INTEGER PRIMARY KEY, group_id INTEGER, user_id INTEGER)
2024-06-23 | 22:26 [SQL] SELECT id FROM groups WHERE project_name = 'ascii-art' AND creator_id = '1031330570107629650'
2024-06-23 | 22:26 [SQL] SELECT id FROM groups WHERE project_name = 'ascii-art-web' AND creator_id = '1031330570107629650'
2024-06-23 | 22:26 [SQL] INSERT INTO groups (message_id, project_name, creator_id, confirmed) VALUES ('1254533010800382016', 'ascii-art-web', '1031330570107629650', '0')
2024-06-23 | 22:26 [SQL] SELECT id FROM groups WHERE message_id = 1254533010800382016
2024-06-23 | 22:26 [SQL] INSERT INTO group_members (group_id, user_id) VALUES ('2', '1031330570107629650')
2024-06-23 | 22:26 [SQL] SELECT id, message_id, project_name, creator_id, confirmed FROM groups WHERE message_id = 1254533010800382016
2024-06-23 | 22:26 [SQL] SELECT id, message_id, project_name, creator_id, confirmed FROM groups WHERE message_id = 1254533010800382016
2024-06-23 | 22:26 [SQL] SELECT user_id FROM group_members WHERE group_id = 2
2024-06-23 | 22:26 [SQL] INSERT INTO group_members (group_id, user_id) VALUES ('2', '291563156159856641')
2024-06-23 | 22:26 [SQL] SELECT id, message_id, project_name, creator_id, confirmed FROM groups WHERE message_id = 1254533010800382016
2024-06-23 | 22:26 [SQL] SELECT user_id FROM group_members WHERE group_id = 2
2024-06-23 | 22:33 [SQL] CREATE TABLE IF NOT EXISTS groups (id INTEGER PRIMARY KEY, message_id INTEGER, project_name STRING, creator_id INTEGER, confirmed INTEGER)
2024-06-23 | 22:33 [SQL] CREATE TABLE IF NOT EXISTS group_members (id INTEGER PRIMARY KEY, group_id INTEGER, user_id INTEGER)
2024-06-23 | 22:33 [SQL] SELECT id FROM groups WHERE project_name = 'groupie-tracker' AND creator_id = '1031330570107629650'
2024-06-23 | 22:33 [SQL] INSERT INTO groups (message_id, project_name, creator_id, confirmed) VALUES ('1254534897377349742', 'groupie-tracker', '1031330570107629650', '0')
2024-06-23 | 22:33 [SQL] SELECT id FROM groups WHERE message_id = 1254534897377349742
2024-06-23 | 22:33 [SQL] INSERT INTO group_members (group_id, user_id) VALUES ('3', '1031330570107629650')
2024-06-23 | 22:33 [SQL] SELECT id, message_id, project_name, creator_id, confirmed FROM groups WHERE message_id = 1254534897377349742
2024-06-23 | 22:33 [SQL] SELECT user_id FROM group_members WHERE group_id = 3
2024-06-23 | 22:33 [SQL] DELETE FROM group_members WHERE id = 3 AND user_id = 1031330570107629650
2024-06-23 | 22:33 [SQL] SELECT id FROM groups WHERE message_id = 1254534897377349742
2024-06-23 | 22:33 [SQL] DELETE FROM groups WHERE id = 3
2024-06-23 | 22:34 [SQL] CREATE TABLE IF NOT EXISTS groups (id INTEGER PRIMARY KEY, message_id INTEGER, project_name STRING, creator_id INTEGER, confirmed INTEGER)
2024-06-23 | 22:34 [SQL] CREATE TABLE IF NOT EXISTS group_members (id INTEGER PRIMARY KEY, group_id INTEGER, user_id INTEGER)
2024-06-23 | 22:34 [SQL] SELECT id FROM groups WHERE project_name = 'ascii-art' AND creator_id = '1031330570107629650'
2024-06-23 | 22:34 [SQL] INSERT INTO groups (message_id, project_name, creator_id, confirmed) VALUES ('1254534990897610853', 'ascii-art', '1031330570107629650', '0')
2024-06-23 | 22:34 [SQL] SELECT id FROM groups WHERE message_id = 1254534990897610853
2024-06-23 | 22:34 [SQL] INSERT INTO group_members (group_id, user_id) VALUES ('1', '1031330570107629650')
2024-06-23 | 22:34 [SQL] SELECT project_name, creator_id, message_id FROM groups
2024-06-23 | 22:34 [SQL] SELECT project_name, creator_id, message_id FROM groups
2024-06-23 | 22:34 [SQL] SELECT project_name, creator_id, message_id FROM groups
2024-06-23 | 22:34 [SQL] SELECT project_name, creator_id, message_id FROM groups
2024-06-23 | 22:34 [SQL] SELECT project_name, creator_id, message_id FROM groups
2024-06-23 | 22:34 [SQL] SELECT project_name, creator_id, message_id FROM groups
2024-06-23 | 22:34 [SQL] SELECT id, message_id, project_name, creator_id, confirmed FROM groups WHERE message_id = 1254534990897610853
2024-06-23 | 22:38 [SQL] CREATE TABLE IF NOT EXISTS groups (id INTEGER PRIMARY KEY, message_id INTEGER, project_name STRING, creator_id INTEGER, confirmed INTEGER)
2024-06-23 | 22:38 [SQL] CREATE TABLE IF NOT EXISTS group_members (id INTEGER PRIMARY KEY, group_id INTEGER, user_id INTEGER)
2024-06-23 | 22:38 [SQL] CREATE TABLE IF NOT EXISTS groups (id INTEGER PRIMARY KEY, message_id INTEGER, project_name STRING, creator_id INTEGER, confirmed INTEGER)
2024-06-23 | 22:38 [SQL] CREATE TABLE IF NOT EXISTS group_members (id INTEGER PRIMARY KEY, group_id INTEGER, user_id INTEGER)
2024-06-23 | 22:38 [SQL] SELECT id FROM groups WHERE project_name = 'ascii-art' AND creator_id = '1031330570107629650'
2024-06-23 | 22:38 [SQL] INSERT INTO groups (message_id, project_name, creator_id, confirmed) VALUES ('1254536042879520778', 'ascii-art', '1031330570107629650', '0')
2024-06-23 | 22:38 [SQL] SELECT id FROM groups WHERE message_id = 1254536042879520778
2024-06-23 | 22:38 [SQL] INSERT INTO group_members (group_id, user_id) VALUES ('1', '1031330570107629650')
2024-06-23 | 22:38 [SQL] SELECT project_name, creator_id, message_id FROM groups
2024-06-23 | 22:38 [SQL] SELECT project_name, creator_id, message_id FROM groups WHERE project_name = '/'
2024-06-23 | 22:38 [SQL] SELECT project_name, creator_id, message_id FROM groups
2024-06-23 | 22:38 [SQL] SELECT project_name, creator_id, message_id FROM groups
2024-06-23 | 22:38 [SQL] SELECT id, message_id, project_name, creator_id, confirmed FROM groups WHERE message_id = 1254536042879520778
2024-06-23 | 22:38 [SQL] SELECT user_id FROM group_members WHERE group_id = 1
2024-06-23 | 22:38 [SQL] SELECT user_id FROM group_members WHERE group_id = 1
2024-06-23 | 22:38 [SQL] DELETE FROM group_members WHERE id = 1 AND user_id = 1031330570107629650
2024-06-23 | 22:38 [SQL] SELECT id FROM groups WHERE message_id = 1254536042879520778
2024-06-23 | 22:38 [SQL] DELETE FROM groups WHERE id = 1
2024-06-23 | 22:39 [SQL] CREATE TABLE IF NOT EXISTS groups (id INTEGER PRIMARY KEY, message_id INTEGER, project_name STRING, creator_id INTEGER, confirmed INTEGER)
2024-06-23 | 22:39 [SQL] CREATE TABLE IF NOT EXISTS group_members (id INTEGER PRIMARY KEY, group_id INTEGER, user_id INTEGER)
2024-06-23 | 22:39 [SQL] SELECT id FROM groups WHERE project_name = 'ascii-art' AND creator_id = '1031330570107629650'
2024-06-23 | 22:39 [SQL] INSERT INTO groups (message_id, project_name, creator_id, confirmed) VALUES ('1254536287810097316', 'ascii-art', '1031330570107629650', '0')
2024-06-23 | 22:39 [SQL] SELECT id FROM groups WHERE message_id = 1254536287810097316
2024-06-23 | 22:39 [SQL] INSERT INTO group_members (group_id, user_id) VALUES ('1', '1031330570107629650')
2024-06-23 | 22:39 [SQL] SELECT project_name, creator_id, message_id FROM groups
2024-06-23 | 22:39 [SQL] SELECT project_name, creator_id, message_id FROM groups
2024-06-23 | 22:39 [SQL] SELECT id, message_id, project_name, creator_id, confirmed FROM groups WHERE message_id = 1254536287810097316
2024-06-23 | 22:39 [SQL] SELECT user_id FROM group_members WHERE group_id = 1
2024-06-23 | 22:39 [SQL] SELECT user_id FROM group_members WHERE group_id = 1
2024-06-23 | 22:39 [SQL] DELETE FROM group_members WHERE id = 1 AND user_id = 1031330570107629650
2024-06-23 | 22:39 [SQL] SELECT id FROM groups WHERE message_id = 1254536287810097316
2024-06-23 | 22:39 [SQL] DELETE FROM groups WHERE id = 1
2024-06-23 | 22:40 [SQL] CREATE TABLE IF NOT EXISTS groups (id INTEGER PRIMARY KEY, message_id INTEGER, project_name STRING, creator_id INTEGER, confirmed INTEGER)
2024-06-23 | 22:40 [SQL] CREATE TABLE IF NOT EXISTS group_members (id INTEGER PRIMARY KEY, group_id INTEGER, user_id INTEGER)
2024-06-23 | 22:40 [SQL] SELECT id FROM groups WHERE project_name = 'ascii-art' AND creator_id = '1031330570107629650'
2024-06-23 | 22:40 [SQL] INSERT INTO groups (message_id, project_name, creator_id, confirmed) VALUES ('1254536544912412703', 'ascii-art', '1031330570107629650', '0')
2024-06-23 | 22:40 [SQL] SELECT id FROM groups WHERE message_id = 1254536544912412703
2024-06-23 | 22:40 [SQL] INSERT INTO group_members (group_id, user_id) VALUES ('1', '1031330570107629650')
2024-06-23 | 22:40 [SQL] SELECT id, message_id, project_name, creator_id, confirmed FROM groups WHERE message_id = 1254536544912412703
2024-06-23 | 22:40 [SQL] SELECT user_id FROM group_members WHERE group_id = 1
2024-06-23 | 22:42 [SQL] CREATE TABLE IF NOT EXISTS groups (id INTEGER PRIMARY KEY, message_id INTEGER, project_name STRING, creator_id INTEGER, confirmed INTEGER)
2024-06-23 | 22:42 [SQL] CREATE TABLE IF NOT EXISTS group_members (id INTEGER PRIMARY KEY, group_id INTEGER, user_id INTEGER)
2024-06-23 | 22:42 [SQL] SELECT id FROM groups WHERE project_name = 'ascii-art' AND creator_id = '1031330570107629650'
2024-06-23 | 22:42 [SQL] INSERT INTO groups (message_id, project_name, creator_id, confirmed) VALUES ('1254537190017597639', 'ascii-art', '1031330570107629650', '0')
2024-06-23 | 22:42 [SQL] SELECT id FROM groups WHERE message_id = 1254537190017597639
2024-06-23 | 22:42 [SQL] INSERT INTO group_members (group_id, user_id) VALUES ('1', '1031330570107629650')
2024-06-23 | 22:42 [SQL] SELECT id, message_id, project_name, creator_id, confirmed FROM groups WHERE message_id = 1254537190017597639
2024-06-23 | 22:42 [SQL] SELECT user_id FROM group_members WHERE group_id = 1
2024-06-23 | 22:43 [SQL] CREATE TABLE IF NOT EXISTS groups (id INTEGER PRIMARY KEY, message_id INTEGER, project_name STRING, creator_id INTEGER, confirmed INTEGER)
2024-06-23 | 22:43 [SQL] CREATE TABLE IF NOT EXISTS group_members (id INTEGER PRIMARY KEY, group_id INTEGER, user_id INTEGER)
2024-06-23 | 22:43 [SQL] SELECT id FROM groups WHERE project_name = 'ascii-art' AND creator_id = '1031330570107629650'
2024-06-23 | 22:43 [SQL] INSERT INTO groups (message_id, project_name, creator_id, confirmed) VALUES ('1254537281998426188', 'ascii-art', '1031330570107629650', '0')
2024-06-23 | 22:43 [SQL] SELECT id FROM groups WHERE message_id = 1254537281998426188
2024-06-23 | 22:43 [SQL] INSERT INTO group_members (group_id, user_id) VALUES ('1', '1031330570107629650')
2024-06-23 | 22:43 [SQL] SELECT id, message_id, project_name, creator_id, confirmed FROM groups WHERE message_id = 1254537281998426188
2024-06-23 | 22:43 [SQL] SELECT user_id FROM group_members WHERE group_id = 1
2024-06-23 | 22:43 [SQL] SELECT id, message_id, project_name, creator_id, confirmed FROM groups WHERE message_id = 1254537281998426188
2024-06-23 | 22:43 [SQL] SELECT user_id FROM group_members WHERE group_id = 1
2024-06-23 | 22:45 [SQL] CREATE TABLE IF NOT EXISTS groups (id INTEGER PRIMARY KEY, message_id INTEGER, project_name STRING, creator_id INTEGER, confirmed INTEGER)
2024-06-23 | 22:45 [SQL] CREATE TABLE IF NOT EXISTS group_members (id INTEGER PRIMARY KEY, group_id INTEGER, user_id INTEGER)
2024-06-23 | 22:47 [SQL] CREATE TABLE IF NOT EXISTS groups (id INTEGER PRIMARY KEY, message_id INTEGER, project_name STRING, creator_id INTEGER, confirmed INTEGER)
2024-06-23 | 22:47 [SQL] CREATE TABLE IF NOT EXISTS group_members (id INTEGER PRIMARY KEY, group_id INTEGER, user_id INTEGER)
2024-06-23 | 22:49 [SQL] CREATE TABLE IF NOT EXISTS groups (id INTEGER PRIMARY KEY, message_id INTEGER, project_name STRING, creator_id INTEGER, confirmed INTEGER)
2024-06-23 | 22:49 [SQL] CREATE TABLE IF NOT EXISTS group_members (id INTEGER PRIMARY KEY, group_id INTEGER, user_id INTEGER)
2024-06-23 | 22:52 [SQL] CREATE TABLE IF NOT EXISTS groups (id INTEGER PRIMARY KEY, message_id INTEGER, project_name STRING, creator_id INTEGER, confirmed INTEGER)
2024-06-23 | 22:52 [SQL] CREATE TABLE IF NOT EXISTS group_members (id INTEGER PRIMARY KEY, group_id INTEGER, user_id INTEGER)
2024-06-23 | 22:57 [SQL] CREATE TABLE IF NOT EXISTS groups (id INTEGER PRIMARY KEY, message_id INTEGER, project_name STRING, creator_id INTEGER, confirmed INTEGER)
2024-06-23 | 22:57 [SQL] CREATE TABLE IF NOT EXISTS group_members (id INTEGER PRIMARY KEY, group_id INTEGER, user_id INTEGER)
2024-06-23 | 22:57 [SQL] CREATE TABLE IF NOT EXISTS groups (id INTEGER PRIMARY KEY, message_id INTEGER, project_name STRING, creator_id INTEGER, confirmed INTEGER)
2024-06-23 | 22:57 [SQL] CREATE TABLE IF NOT EXISTS group_members (id INTEGER PRIMARY KEY, group_id INTEGER, user_id INTEGER)
2024-06-23 | 22:58 [SQL] CREATE TABLE IF NOT EXISTS groups (id INTEGER PRIMARY KEY, message_id INTEGER, project_name STRING, creator_id INTEGER, confirmed INTEGER)
2024-06-23 | 22:58 [SQL] CREATE TABLE IF NOT EXISTS group_members (id INTEGER PRIMARY KEY, group_id INTEGER, user_id INTEGER)
2024-06-23 | 22:58 [SQL] CREATE TABLE IF NOT EXISTS groups (id INTEGER PRIMARY KEY, message_id INTEGER, project_name STRING, creator_id INTEGER, confirmed INTEGER)
2024-06-23 | 22:58 [SQL] CREATE TABLE IF NOT EXISTS group_members (id INTEGER PRIMARY KEY, group_id INTEGER, user_id INTEGER)
2024-06-23 | 22:58 [SQL] CREATE TABLE IF NOT EXISTS groups (id INTEGER PRIMARY KEY, message_id INTEGER, project_name STRING, creator_id INTEGER, confirmed INTEGER)
2024-06-23 | 22:58 [SQL] CREATE TABLE IF NOT EXISTS group_members (id INTEGER PRIMARY KEY, group_id INTEGER, user_id INTEGER)
2024-06-23 | 23:15 [SQL] CREATE TABLE IF NOT EXISTS groups (id INTEGER PRIMARY KEY, message_id INTEGER, project_name STRING, creator_id INTEGER, confirmed INTEGER)
2024-06-23 | 23:15 [SQL] CREATE TABLE IF NOT EXISTS group_members (id INTEGER PRIMARY KEY, group_id INTEGER, user_id INTEGER)
2024-06-23 | 23:16 [SQL] SELECT id FROM groups WHERE project_name = 'ascii-art' AND creator_id = '1031330570107629650'
2024-06-23 | 23:16 [SQL] INSERT INTO groups (message_id, project_name, creator_id, confirmed) VALUES ('1254545525462667276', 'ascii-art', '1031330570107629650', '0')
2024-06-23 | 23:16 [SQL] SELECT id FROM groups WHERE message_id = 1254545525462667276
2024-06-23 | 23:16 [SQL] INSERT INTO group_members (group_id, user_id) VALUES ('1', '1031330570107629650')
2024-06-23 | 23:16 [SQL] SELECT id, message_id, project_name, creator_id, confirmed FROM groups WHERE message_id = 1254545525462667276
2024-06-23 | 23:18 [SQL] CREATE TABLE IF NOT EXISTS groups (id INTEGER PRIMARY KEY, message_id INTEGER, project_name STRING, creator_id INTEGER, confirmed INTEGER)
2024-06-23 | 23:18 [SQL] CREATE TABLE IF NOT EXISTS group_members (id INTEGER PRIMARY KEY, group_id INTEGER, user_id INTEGER)
2024-06-23 | 23:18 [SQL] SELECT id FROM groups WHERE project_name = 'ascii-art' AND creator_id = '1031330570107629650'
2024-06-23 | 23:18 [SQL] INSERT INTO groups (message_id, project_name, creator_id, confirmed) VALUES ('1254546101860569190', 'ascii-art', '1031330570107629650', '0')
2024-06-23 | 23:18 [SQL] SELECT id FROM groups WHERE message_id = 1254546101860569190
2024-06-23 | 23:18 [SQL] INSERT INTO group_members (group_id, user_id) VALUES ('1', '1031330570107629650')
2024-06-23 | 23:18 [SQL] SELECT id, message_id, project_name, creator_id, confirmed FROM groups WHERE message_id = 1254546101860569190
2024-06-23 | 23:18 [SQL] SELECT user_id FROM group_members WHERE group_id = 1
2024-06-23 | 23:22 [SQL] CREATE TABLE IF NOT EXISTS groups (id INTEGER PRIMARY KEY, message_id INTEGER, project_name STRING, creator_id INTEGER, confirmed INTEGER)
2024-06-23 | 23:22 [SQL] CREATE TABLE IF NOT EXISTS group_members (id INTEGER PRIMARY KEY, group_id INTEGER, user_id INTEGER)
2024-06-23 | 23:23 [SQL] SELECT id FROM groups WHERE project_name = 'ascii-art' AND creator_id = '1031330570107629650'
2024-06-23 | 23:23 [SQL] INSERT INTO groups (message_id, project_name, creator_id, confirmed) VALUES ('1254547285086572596', 'ascii-art', '1031330570107629650', '0')
2024-06-23 | 23:23 [SQL] SELECT id FROM groups WHERE message_id = 1254547285086572596
2024-06-23 | 23:23 [SQL] INSERT INTO group_members (group_id, user_id) VALUES ('1', '1031330570107629650')
2024-06-23 | 23:23 [SQL] SELECT id, message_id, project_name, creator_id, confirmed FROM groups WHERE message_id = 1254547285086572596
2024-06-23 | 23:23 [SQL] SELECT user_id FROM group_members WHERE group_id = 1
2024-06-23 | 23:23 [SQL] SELECT id, message_id, project_name, creator_id, confirmed FROM groups WHERE message_id = 1254547285086572596
2024-06-23 | 23:23 [SQL] SELECT user_id FROM group_members WHERE group_id = 1
2024-06-23 | 23:23 [SQL] CREATE TABLE IF NOT EXISTS groups (id INTEGER PRIMARY KEY, message_id INTEGER, project_name STRING, creator_id INTEGER, confirmed INTEGER)
2024-06-23 | 23:23 [SQL] CREATE TABLE IF NOT EXISTS group_members (id INTEGER PRIMARY KEY, group_id INTEGER, user_id INTEGER)
2024-06-23 | 23:23 [SQL] SELECT id FROM groups WHERE project_name = 'ascii-art' AND creator_id = '1031330570107629650'
2024-06-23 | 23:23 [SQL] INSERT INTO groups (message_id, project_name, creator_id, confirmed) VALUES ('1254547522052161584', 'ascii-art', '1031330570107629650', '0')
2024-06-23 | 23:23 [SQL] SELECT id FROM groups WHERE message_id = 1254547522052161584
2024-06-23 | 23:23 [SQL] INSERT INTO group_members (group_id, user_id) VALUES ('1', '1031330570107629650')
2024-06-23 | 23:23 [SQL] SELECT id, message_id, project_name, creator_id, confirmed FROM groups WHERE message_id = 1254547522052161584
2024-06-23 | 23:23 [SQL] SELECT user_id FROM group_members WHERE group_id = 1
2024-06-23 | 23:24 [SQL] SELECT id, message_id, project_name, creator_id, confirmed FROM groups WHERE message_id = 1254547522052161584
2024-06-23 | 23:24 [SQL] SELECT user_id FROM group_members WHERE group_id = 1
2024-06-23 | 23:25 [SQL] CREATE TABLE IF NOT EXISTS groups (id INTEGER PRIMARY KEY, message_id INTEGER, project_name STRING, creator_id INTEGER, confirmed INTEGER)
2024-06-23 | 23:25 [SQL] CREATE TABLE IF NOT EXISTS group_members (id INTEGER PRIMARY KEY, group_id INTEGER, user_id INTEGER)
2024-06-23 | 23:25 [SQL] SELECT id FROM groups WHERE project_name = 'ascii-art' AND creator_id = '1031330570107629650'
2024-06-23 | 23:25 [SQL] INSERT INTO groups (message_id, project_name, creator_id, confirmed) VALUES ('1254547845923606569', 'ascii-art', '1031330570107629650', '0')
2024-06-23 | 23:25 [SQL] SELECT id FROM groups WHERE message_id = 1254547845923606569
2024-06-23 | 23:25 [SQL] INSERT INTO group_members (group_id, user_id) VALUES ('1', '1031330570107629650')
2024-06-23 | 23:25 [SQL] SELECT id, message_id, project_name, creator_id, confirmed FROM groups WHERE message_id = 1254547845923606569
2024-06-23 | 23:25 [SQL] SELECT user_id FROM group_members WHERE group_id = 1
2024-06-23 | 23:25 [SQL] SELECT id, message_id, project_name, creator_id, confirmed FROM groups WHERE message_id = 1254547845923606569
2024-06-23 | 23:25 [SQL] SELECT user_id FROM group_members WHERE group_id = 1
2024-06-23 | 23:25 [SQL] CREATE TABLE IF NOT EXISTS groups (id INTEGER PRIMARY KEY, message_id INTEGER, project_name STRING, creator_id INTEGER, confirmed INTEGER)
2024-06-23 | 23:25 [SQL] CREATE TABLE IF NOT EXISTS group_members (id INTEGER PRIMARY KEY, group_id INTEGER, user_id INTEGER)
2024-06-23 | 23:25 [SQL] SELECT id FROM groups WHERE project_name = 'ascii-art' AND creator_id = '1031330570107629650'
2024-06-23 | 23:25 [SQL] INSERT INTO groups (message_id, project_name, creator_id, confirmed) VALUES ('1254547939062186015', 'ascii-art', '1031330570107629650', '0')
2024-06-23 | 23:25 [SQL] SELECT id FROM groups WHERE message_id = 1254547939062186015
2024-06-23 | 23:25 [SQL] INSERT INTO group_members (group_id, user_id) VALUES ('1', '1031330570107629650')
2024-06-23 | 23:25 [SQL] SELECT id, message_id, project_name, creator_id, confirmed FROM groups WHERE message_id = 1254547939062186015
2024-06-23 | 23:25 [SQL] SELECT user_id FROM group_members WHERE group_id = 1
2024-06-23 | 23:25 [SQL] SELECT id, message_id, project_name, creator_id, confirmed FROM groups WHERE message_id = 1254547939062186015
2024-06-23 | 23:25 [SQL] SELECT user_id FROM group_members WHERE group_id = 1
2024-06-23 | 23:32 [SQL] CREATE TABLE IF NOT EXISTS groups (id INTEGER PRIMARY KEY, message_id INTEGER, project_name STRING, creator_id INTEGER, confirmed INTEGER)
2024-06-23 | 23:32 [SQL] CREATE TABLE IF NOT EXISTS group_members (id INTEGER PRIMARY KEY, group_id INTEGER, user_id INTEGER)
2024-06-23 | 23:32 [SQL] SELECT id FROM groups WHERE project_name = 'ascii-art' AND creator_id = '1031330570107629650'
2024-06-23 | 23:32 [SQL] INSERT INTO groups (message_id, project_name, creator_id, confirmed) VALUES ('1254549729505706105', 'ascii-art', '1031330570107629650', '0')
2024-06-23 | 23:32 [SQL] SELECT id FROM groups WHERE message_id = 1254549729505706105
2024-06-23 | 23:32 [SQL] INSERT INTO group_members (group_id, user_id) VALUES ('1', '1031330570107629650')
2024-06-23 | 23:32 [SQL] SELECT id, message_id, project_name, creator_id, confirmed FROM groups WHERE message_id = 1254549729505706105
2024-06-23 | 23:42 [SQL] CREATE TABLE IF NOT EXISTS groups (id INTEGER PRIMARY KEY, message_id INTEGER, project_name STRING, creator_id INTEGER, confirmed INTEGER)
2024-06-23 | 23:42 [SQL] CREATE TABLE IF NOT EXISTS group_members (id INTEGER PRIMARY KEY, group_id INTEGER, user_id INTEGER)
2024-06-23 | 23:42 [SQL] CREATE TABLE IF NOT EXISTS groups (id INTEGER PRIMARY KEY, message_id INTEGER, project_name STRING, creator_id INTEGER, confirmed INTEGER)
2024-06-23 | 23:42 [SQL] CREATE TABLE IF NOT EXISTS group_members (id INTEGER PRIMARY KEY, group_id INTEGER, user_id INTEGER)
2024-06-23 | 23:42 [SQL] SELECT id FROM groups WHERE project_name = 'ascii-art' AND creator_id = '1031330570107629650'
2024-06-23 | 23:42 [SQL] INSERT INTO groups (message_id, project_name, creator_id, confirmed) VALUES ('1254552212785594388', 'ascii-art', '1031330570107629650', '0')
2024-06-23 | 23:42 [SQL] SELECT id FROM groups WHERE message_id = 1254552212785594388
2024-06-23 | 23:42 [SQL] INSERT INTO group_members (group_id, user_id) VALUES ('1', '1031330570107629650')
2024-06-23 | 23:42 [SQL] SELECT id, message_id, project_name, creator_id, confirmed FROM groups WHERE message_id = 1254552212785594388
2024-06-23 | 23:43 [SQL] CREATE TABLE IF NOT EXISTS groups (id INTEGER PRIMARY KEY, message_id INTEGER, project_name STRING, creator_id INTEGER, confirmed INTEGER)
2024-06-23 | 23:43 [SQL] CREATE TABLE IF NOT EXISTS group_members (id INTEGER PRIMARY KEY, group_id INTEGER, user_id INTEGER)
2024-06-23 | 23:43 [SQL] SELECT id FROM groups WHERE project_name = 'ascii-art' AND creator_id = '1031330570107629650'
2024-06-23 | 23:43 [SQL] INSERT INTO groups (message_id, project_name, creator_id, confirmed) VALUES ('1254552463621488730', 'ascii-art', '1031330570107629650', '0')
2024-06-23 | 23:43 [SQL] SELECT id FROM groups WHERE message_id = 1254552463621488730
2024-06-23 | 23:43 [SQL] INSERT INTO group_members (group_id, user_id) VALUES ('1', '1031330570107629650')
2024-06-23 | 23:43 [SQL] SELECT id, message_id, project_name, creator_id, confirmed FROM groups WHERE message_id = 1254552463621488730
2024-06-23 | 23:44 [SQL] CREATE TABLE IF NOT EXISTS groups (id INTEGER PRIMARY KEY, message_id INTEGER, project_name STRING, creator_id INTEGER, confirmed INTEGER)
2024-06-23 | 23:44 [SQL] CREATE TABLE IF NOT EXISTS group_members (id INTEGER PRIMARY KEY, group_id INTEGER, user_id INTEGER)
2024-06-23 | 23:44 [SQL] SELECT id FROM groups WHERE project_name = 'ascii-art' AND creator_id = '1031330570107629650'
2024-06-23 | 23:44 [SQL] INSERT INTO groups (message_id, project_name, creator_id, confirmed) VALUES ('1254552595918225569', 'ascii-art', '1031330570107629650', '0')
2024-06-23 | 23:44 [SQL] SELECT id FROM groups WHERE message_id = 1254552595918225569
2024-06-23 | 23:44 [SQL] INSERT INTO group_members (group_id, user_id) VALUES ('1', '1031330570107629650')
2024-06-23 | 23:44 [SQL] SELECT id, message_id, project_name, creator_id, confirmed FROM groups WHERE message_id = 1254552595918225569
2024-06-23 | 23:44 [SQL] CREATE TABLE IF NOT EXISTS groups (id INTEGER PRIMARY KEY, message_id INTEGER, project_name STRING, creator_id INTEGER, confirmed INTEGER)
2024-06-23 | 23:44 [SQL] CREATE TABLE IF NOT EXISTS group_members (id INTEGER PRIMARY KEY, group_id INTEGER, user_id INTEGER)
2024-06-23 | 23:54 [SQL] CREATE TABLE IF NOT EXISTS groups (id INTEGER PRIMARY KEY, message_id INTEGER, project_name STRING, creator_id INTEGER, confirmed INTEGER)
2024-06-23 | 23:54 [SQL] CREATE TABLE IF NOT EXISTS group_members (id INTEGER PRIMARY KEY, group_id INTEGER, user_id INTEGER)
2024-06-23 | 23:55 [SQL] CREATE TABLE IF NOT EXISTS groups (id INTEGER PRIMARY KEY, message_id INTEGER, project_name STRING, creator_id INTEGER, confirmed INTEGER)
2024-06-23 | 23:55 [SQL] CREATE TABLE IF NOT EXISTS group_members (id INTEGER PRIMARY KEY, group_id INTEGER, user_id INTEGER)
2024-06-23 | 23:55 [SQL] SELECT id FROM groups WHERE project_name = 'ascii-art' AND creator_id = '1031330570107629650'
2024-06-23 | 23:55 [SQL] INSERT INTO groups (message_id, project_name, creator_id, confirmed) VALUES ('1254555574390099978', 'ascii-art', '1031330570107629650', '0')
2024-06-23 | 23:55 [SQL] SELECT id FROM groups WHERE message_id = 1254555574390099978
2024-06-23 | 23:55 [SQL] INSERT INTO group_members (group_id, user_id) VALUES ('1', '1031330570107629650')
2024-06-23 | 23:55 [SQL] SELECT id, message_id, project_name, creator_id, confirmed FROM groups WHERE message_id = 1254555574390099978
2024-06-23 | 23:56 [SQL] CREATE TABLE IF NOT EXISTS groups (id INTEGER PRIMARY KEY, message_id INTEGER, project_name STRING, creator_id INTEGER, confirmed INTEGER)
2024-06-23 | 23:56 [SQL] CREATE TABLE IF NOT EXISTS group_members (id INTEGER PRIMARY KEY, group_id INTEGER, user_id INTEGER)
2024-06-23 | 23:56 [SQL] SELECT id FROM groups WHERE project_name = 'ascii-art' AND creator_id = '1031330570107629650'
2024-06-23 | 23:56 [SQL] INSERT INTO groups (message_id, project_name, creator_id, confirmed) VALUES ('1254555679390306305', 'ascii-art', '1031330570107629650', '0')
2024-06-23 | 23:56 [SQL] SELECT id FROM groups WHERE message_id = 1254555679390306305
2024-06-23 | 23:56 [SQL] INSERT INTO group_members (group_id, user_id) VALUES ('1', '1031330570107629650')
2024-06-23 | 23:56 [SQL] SELECT id, message_id, project_name, creator_id, confirmed FROM groups WHERE message_id = 1254555679390306305
2024-06-23 | 23:57 [SQL] CREATE TABLE IF NOT EXISTS groups (id INTEGER PRIMARY KEY, message_id INTEGER, project_name STRING, creator_id INTEGER, confirmed INTEGER)
2024-06-23 | 23:57 [SQL] CREATE TABLE IF NOT EXISTS group_members (id INTEGER PRIMARY KEY, group_id INTEGER, user_id INTEGER)
2024-06-23 | 23:57 [SQL] SELECT id FROM groups WHERE project_name = 'ascii-art' AND creator_id = '1031330570107629650'
2024-06-23 | 23:57 [SQL] INSERT INTO groups (message_id, project_name, creator_id, confirmed) VALUES ('1254555962648432814', 'ascii-art', '1031330570107629650', '0')
2024-06-23 | 23:57 [SQL] SELECT id FROM groups WHERE message_id = 1254555962648432814
2024-06-23 | 23:57 [SQL] INSERT INTO group_members (group_id, user_id) VALUES ('1', '1031330570107629650')
2024-06-23 | 23:57 [SQL] SELECT id, message_id, project_name, creator_id, confirmed FROM groups WHERE message_id = 1254555962648432814
2024-06-23 | 23:57 [SQL] SELECT user_id FROM group_members WHERE group_id = 1
2024-06-23 | 23:57 [SQL] DELETE FROM group_members WHERE id = 1 AND user_id = 1031330570107629650
2024-06-23 | 23:57 [SQL] SELECT id FROM groups WHERE message_id = 1254555962648432814
2024-06-23 | 23:57 [SQL] DELETE FROM groups WHERE id = 1
2024-06-23 | 23:57 [SQL] SELECT id FROM groups WHERE project_name = 'ascii-art' AND creator_id = '1031330570107629650'
2024-06-23 | 23:57 [SQL] INSERT INTO groups (message_id, project_name, creator_id, confirmed) VALUES ('1254556014544420974', 'ascii-art', '1031330570107629650', '0')
2024-06-23 | 23:57 [SQL] SELECT id FROM groups WHERE message_id = 1254556014544420974
2024-06-23 | 23:57 [SQL] INSERT INTO group_members (group_id, user_id) VALUES ('1', '1031330570107629650')
2024-06-23 | 23:57 [SQL] SELECT id, message_id, project_name, creator_id, confirmed FROM groups WHERE message_id = 1254556014544420974
2024-06-23 | 23:57 [SQL] SELECT id, message_id, project_name, creator_id, confirmed FROM groups WHERE message_id = 1254556014544420974
2024-06-23 | 23:57 [SQL] SELECT id, message_id, project_name, creator_id, confirmed FROM groups WHERE message_id = 1254556014544420974
2024-06-23 | 23:57 [SQL] SELECT user_id FROM group_members WHERE group_id = 1
2024-06-23 | 23:57 [SQL] DELETE FROM group_members WHERE id = 1 AND user_id = 1031330570107629650
2024-06-23 | 23:57 [SQL] SELECT id FROM groups WHERE message_id = 1254556014544420974
2024-06-23 | 23:57 [SQL] DELETE FROM groups WHERE id = 1
2024-06-24 | 0:1 [SQL] CREATE TABLE IF NOT EXISTS groups (id INTEGER PRIMARY KEY, message_id INTEGER, project_name STRING, creator_id INTEGER, confirmed INTEGER)
2024-06-24 | 0:1 [SQL] CREATE TABLE IF NOT EXISTS group_members (id INTEGER PRIMARY KEY, group_id INTEGER, user_id INTEGER)
2024-06-24 | 0:1 [SQL] SELECT id FROM groups WHERE project_name = 'ascii-art' AND creator_id = '1031330570107629650'
2024-06-24 | 0:1 [SQL] INSERT INTO groups (message_id, project_name, creator_id, confirmed) VALUES ('1254556961433718819', 'ascii-art', '1031330570107629650', '0')
2024-06-24 | 0:1 [SQL] SELECT id FROM groups WHERE message_id = 1254556961433718819
2024-06-24 | 0:1 [SQL] INSERT INTO group_members (group_id, user_id) VALUES ('1', '1031330570107629650')
2024-06-24 | 0:1 [SQL] SELECT id, message_id, project_name, creator_id, confirmed FROM groups WHERE message_id = 1254556961433718819
2024-06-24 | 0:1 [SQL] SELECT user_id FROM group_members WHERE group_id = 1
2024-06-24 | 0:1 [SQL] DELETE FROM group_members WHERE group_id = 1 AND user_id = 1031330570107629650
2024-06-24 | 0:1 [SQL] SELECT id, message_id, project_name, creator_id, confirmed FROM groups WHERE message_id = 1254556961433718819
2024-06-24 | 0:1 [SQL] SELECT user_id FROM group_members WHERE group_id = 1
2024-06-24 | 0:1 [SQL] DELETE FROM groups WHERE id = 1
2024-06-24 | 0:1 [SQL] CREATE TABLE IF NOT EXISTS groups (id INTEGER PRIMARY KEY, message_id INTEGER, project_name STRING, creator_id INTEGER, confirmed INTEGER)
2024-06-24 | 0:1 [SQL] CREATE TABLE IF NOT EXISTS group_members (id INTEGER PRIMARY KEY, group_id INTEGER, user_id INTEGER)
2024-06-24 | 0:1 [SQL] SELECT id FROM groups WHERE project_name = 'ascii-art' AND creator_id = '1031330570107629650'
2024-06-24 | 0:1 [SQL] INSERT INTO groups (message_id, project_name, creator_id, confirmed) VALUES ('1254557054375297156', 'ascii-art', '1031330570107629650', '0')
2024-06-24 | 0:1 [SQL] SELECT id FROM groups WHERE message_id = 1254557054375297156
2024-06-24 | 0:1 [SQL] INSERT INTO group_members (group_id, user_id) VALUES ('1', '1031330570107629650')
2024-06-24 | 0:1 [SQL] SELECT id, message_id, project_name, creator_id, confirmed FROM groups WHERE message_id = 1254557054375297156
2024-06-24 | 0:1 [SQL] SELECT user_id FROM group_members WHERE group_id = 1
2024-06-24 | 0:1 [SQL] DELETE FROM group_members WHERE group_id = 1 AND user_id = 1031330570107629650
2024-06-24 | 0:1 [SQL] SELECT id, message_id, project_name, creator_id, confirmed FROM groups WHERE message_id = 1254557054375297156
2024-06-24 | 0:1 [SQL] SELECT user_id FROM group_members WHERE group_id = 1
2024-06-24 | 0:1 [SQL] DELETE FROM groups WHERE id = 1
